{"/Users/cdagorn/Projets_Python/EssaimDrones/Code/Frontend/src/App.tsx": {"path":"/Users/cdagorn/Projets_Python/EssaimDrones/Code/Frontend/src/App.tsx","statementMap":{"0":{"start":{"line":14,"column":2},"end":{"line":29,"column":null}}},"fnMap":{"0":{"name":"App","decl":{"start":{"line":13,"column":24},"end":{"line":13,"column":30}},"loc":{"start":{"line":13,"column":30},"end":{"line":31,"column":null}},"line":13}},"branchMap":{},"s":{"0":0},"f":{"0":0},"b":{},"meta":{"lastBranch":0,"lastFunction":1,"lastStatement":1,"seen":{"f:13:24:13:30":0,"s:14:2:29:Infinity":0}}}
,"/Users/cdagorn/Projets_Python/EssaimDrones/Code/Frontend/src/i18n.ts": {"path":"/Users/cdagorn/Projets_Python/EssaimDrones/Code/Frontend/src/i18n.ts","statementMap":{"0":{"start":{"line":5,"column":18},"end":{"line":306,"column":null}},"1":{"start":{"line":308,"column":0},"end":{"line":317,"column":null}}},"fnMap":{},"branchMap":{},"s":{"0":0,"1":0},"f":{},"b":{},"meta":{"lastBranch":0,"lastFunction":0,"lastStatement":2,"seen":{"s:5:18:306:Infinity":0,"s:308:0:317:Infinity":1}}}
,"/Users/cdagorn/Projets_Python/EssaimDrones/Code/Frontend/src/components/AgentChat.tsx": {"path":"/Users/cdagorn/Projets_Python/EssaimDrones/Code/Frontend/src/components/AgentChat.tsx","statementMap":{"0":{"start":{"line":16,"column":14},"end":{"line":16,"column":null}},"1":{"start":{"line":17,"column":32},"end":{"line":19,"column":null}},"2":{"start":{"line":20,"column":26},"end":{"line":20,"column":null}},"3":{"start":{"line":21,"column":34},"end":{"line":21,"column":null}},"4":{"start":{"line":22,"column":10},"end":{"line":22,"column":null}},"5":{"start":{"line":24,"column":4},"end":{"line":26,"column":null}},"6":{"start":{"line":25,"column":8},"end":{"line":25,"column":null}},"7":{"start":{"line":28,"column":25},"end":{"line":56,"column":null}},"8":{"start":{"line":29,"column":8},"end":{"line":29,"column":null}},"9":{"start":{"line":30,"column":24},"end":{"line":30,"column":null}},"10":{"start":{"line":31,"column":8},"end":{"line":31,"column":null}},"11":{"start":{"line":31,"column":35},"end":{"line":31,"column":null}},"12":{"start":{"line":33,"column":37},"end":{"line":33,"column":null}},"13":{"start":{"line":34,"column":8},"end":{"line":34,"column":null}},"14":{"start":{"line":34,"column":28},"end":{"line":34,"column":46}},"15":{"start":{"line":35,"column":8},"end":{"line":35,"column":null}},"16":{"start":{"line":36,"column":8},"end":{"line":36,"column":null}},"17":{"start":{"line":38,"column":8},"end":{"line":55,"column":null}},"18":{"start":{"line":39,"column":24},"end":{"line":43,"column":null}},"19":{"start":{"line":44,"column":25},"end":{"line":44,"column":null}},"20":{"start":{"line":46,"column":12},"end":{"line":50,"column":null}},"21":{"start":{"line":47,"column":16},"end":{"line":47,"column":null}},"22":{"start":{"line":47,"column":36},"end":{"line":47,"column":93}},"23":{"start":{"line":49,"column":16},"end":{"line":49,"column":null}},"24":{"start":{"line":49,"column":36},"end":{"line":49,"column":92}},"25":{"start":{"line":52,"column":12},"end":{"line":52,"column":null}},"26":{"start":{"line":52,"column":32},"end":{"line":52,"column":94}},"27":{"start":{"line":54,"column":12},"end":{"line":54,"column":null}},"28":{"start":{"line":58,"column":4},"end":{"line":58,"column":null}},"29":{"start":{"line":58,"column":15},"end":{"line":58,"column":null}},"30":{"start":{"line":60,"column":4},"end":{"line":120,"column":null}},"31":{"start":{"line":80,"column":20},"end":{"line":90,"column":null}},"32":{"start":{"line":105,"column":35},"end":{"line":105,"column":null}}},"fnMap":{"0":{"name":"AgentChat","decl":{"start":{"line":15,"column":24},"end":{"line":15,"column":34}},"loc":{"start":{"line":15,"column":69},"end":{"line":122,"column":null}},"line":15},"1":{"name":"(anonymous_1)","decl":{"start":{"line":24,"column":14},"end":{"line":24,"column":20}},"loc":{"start":{"line":24,"column":20},"end":{"line":26,"column":7}},"line":24},"2":{"name":"(anonymous_2)","decl":{"start":{"line":28,"column":25},"end":{"line":28,"column":32}},"loc":{"start":{"line":28,"column":55},"end":{"line":56,"column":null}},"line":28},"3":{"name":"(anonymous_3)","decl":{"start":{"line":34,"column":20},"end":{"line":34,"column":28}},"loc":{"start":{"line":34,"column":28},"end":{"line":34,"column":46}},"line":34},"4":{"name":"(anonymous_4)","decl":{"start":{"line":47,"column":28},"end":{"line":47,"column":36}},"loc":{"start":{"line":47,"column":36},"end":{"line":47,"column":93}},"line":47},"5":{"name":"(anonymous_5)","decl":{"start":{"line":49,"column":28},"end":{"line":49,"column":36}},"loc":{"start":{"line":49,"column":36},"end":{"line":49,"column":92}},"line":49},"6":{"name":"(anonymous_6)","decl":{"start":{"line":52,"column":24},"end":{"line":52,"column":32}},"loc":{"start":{"line":52,"column":32},"end":{"line":52,"column":94}},"line":52},"7":{"name":"(anonymous_7)","decl":{"start":{"line":79,"column":30},"end":{"line":79,"column":31}},"loc":{"start":{"line":80,"column":20},"end":{"line":90,"column":null}},"line":80},"8":{"name":"(anonymous_8)","decl":{"start":{"line":105,"column":30},"end":{"line":105,"column":35}},"loc":{"start":{"line":105,"column":35},"end":{"line":105,"column":null}},"line":105}},"branchMap":{"0":{"loc":{"start":{"line":31,"column":8},"end":{"line":31,"column":null}},"type":"if","locations":[{"start":{"line":31,"column":8},"end":{"line":31,"column":null}},{"start":{},"end":{}}],"line":31},"1":{"loc":{"start":{"line":31,"column":12},"end":{"line":31,"column":35}},"type":"binary-expr","locations":[{"start":{"line":31,"column":12},"end":{"line":31,"column":24}},{"start":{"line":31,"column":24},"end":{"line":31,"column":35}}],"line":31},"2":{"loc":{"start":{"line":46,"column":12},"end":{"line":50,"column":null}},"type":"if","locations":[{"start":{"line":46,"column":12},"end":{"line":50,"column":null}},{"start":{"line":48,"column":19},"end":{"line":50,"column":null}}],"line":46},"3":{"loc":{"start":{"line":58,"column":4},"end":{"line":58,"column":null}},"type":"if","locations":[{"start":{"line":58,"column":4},"end":{"line":58,"column":null}},{"start":{},"end":{}}],"line":58},"4":{"loc":{"start":{"line":82,"column":93},"end":{"line":86,"column":null}},"type":"cond-expr","locations":[{"start":{"line":83,"column":30},"end":{"line":83,"column":null}},{"start":{"line":84,"column":30},"end":{"line":86,"column":null}}],"line":82},"5":{"loc":{"start":{"line":84,"column":30},"end":{"line":86,"column":null}},"type":"cond-expr","locations":[{"start":{"line":85,"column":34},"end":{"line":85,"column":null}},{"start":{"line":86,"column":34},"end":{"line":86,"column":null}}],"line":84},"6":{"loc":{"start":{"line":92,"column":17},"end":{"line":96,"column":null}},"type":"binary-expr","locations":[{"start":{"line":92,"column":17},"end":{"line":92,"column":null}},{"start":{"line":93,"column":20},"end":{"line":96,"column":null}}],"line":92},"7":{"loc":{"start":{"line":113,"column":30},"end":{"line":113,"column":null}},"type":"binary-expr","locations":[{"start":{"line":113,"column":30},"end":{"line":113,"column":43}},{"start":{"line":113,"column":43},"end":{"line":113,"column":null}}],"line":113}},"s":{"0":52,"1":52,"2":52,"3":52,"4":52,"5":52,"6":19,"7":52,"8":4,"9":4,"10":4,"11":1,"12":3,"13":3,"14":3,"15":3,"16":3,"17":3,"18":3,"19":2,"20":2,"21":1,"22":1,"23":1,"24":1,"25":1,"26":1,"27":3,"28":52,"29":9,"30":43,"31":52,"32":30},"f":{"0":52,"1":19,"2":4,"3":3,"4":1,"5":1,"6":1,"7":52,"8":30},"b":{"0":[1,3],"1":[4,3],"2":[1,1],"3":[9,43],"4":[6,46],"5":[2,44],"6":[43,3],"7":[52,40]},"meta":{"lastBranch":8,"lastFunction":9,"lastStatement":33,"seen":{"f:15:24:15:34":0,"s:16:14:16:Infinity":0,"s:17:32:19:Infinity":1,"s:20:26:20:Infinity":2,"s:21:34:21:Infinity":3,"s:22:10:22:Infinity":4,"s:24:4:26:Infinity":5,"f:24:14:24:20":1,"s:25:8:25:Infinity":6,"s:28:25:56:Infinity":7,"f:28:25:28:32":2,"s:29:8:29:Infinity":8,"s:30:24:30:Infinity":9,"b:31:8:31:Infinity:undefined:undefined:undefined:undefined":0,"s:31:8:31:Infinity":10,"b:31:12:31:24:31:24:31:35":1,"s:31:35:31:Infinity":11,"s:33:37:33:Infinity":12,"s:34:8:34:Infinity":13,"f:34:20:34:28":3,"s:34:28:34:46":14,"s:35:8:35:Infinity":15,"s:36:8:36:Infinity":16,"s:38:8:55:Infinity":17,"s:39:24:43:Infinity":18,"s:44:25:44:Infinity":19,"b:46:12:50:Infinity:48:19:50:Infinity":2,"s:46:12:50:Infinity":20,"s:47:16:47:Infinity":21,"f:47:28:47:36":4,"s:47:36:47:93":22,"s:49:16:49:Infinity":23,"f:49:28:49:36":5,"s:49:36:49:92":24,"s:52:12:52:Infinity":25,"f:52:24:52:32":6,"s:52:32:52:94":26,"s:54:12:54:Infinity":27,"b:58:4:58:Infinity:undefined:undefined:undefined:undefined":3,"s:58:4:58:Infinity":28,"s:58:15:58:Infinity":29,"s:60:4:120:Infinity":30,"f:79:30:79:31":7,"s:80:20:90:Infinity":31,"b:83:30:83:Infinity:84:30:86:Infinity":4,"b:85:34:85:Infinity:86:34:86:Infinity":5,"b:92:17:92:Infinity:93:20:96:Infinity":6,"f:105:30:105:35":8,"s:105:35:105:Infinity":32,"b:113:30:113:43:113:43:113:Infinity":7}}}
,"/Users/cdagorn/Projets_Python/EssaimDrones/Code/Frontend/src/components/LLMSelector.tsx": {"path":"/Users/cdagorn/Projets_Python/EssaimDrones/Code/Frontend/src/components/LLMSelector.tsx","statementMap":{"0":{"start":{"line":43,"column":50},"end":{"line":47,"column":null}},"1":{"start":{"line":49,"column":17},"end":{"line":49,"column":null}},"2":{"start":{"line":52,"column":14},"end":{"line":52,"column":null}},"3":{"start":{"line":54,"column":34},"end":{"line":54,"column":null}},"4":{"start":{"line":55,"column":44},"end":{"line":55,"column":null}},"5":{"start":{"line":56,"column":38},"end":{"line":56,"column":null}},"6":{"start":{"line":57,"column":48},"end":{"line":57,"column":null}},"7":{"start":{"line":58,"column":38},"end":{"line":58,"column":null}},"8":{"start":{"line":59,"column":32},"end":{"line":59,"column":null}},"9":{"start":{"line":60,"column":30},"end":{"line":60,"column":null}},"10":{"start":{"line":61,"column":38},"end":{"line":61,"column":null}},"11":{"start":{"line":62,"column":34},"end":{"line":62,"column":null}},"12":{"start":{"line":63,"column":42},"end":{"line":63,"column":null}},"13":{"start":{"line":64,"column":44},"end":{"line":64,"column":null}},"14":{"start":{"line":67,"column":38},"end":{"line":67,"column":null}},"15":{"start":{"line":68,"column":44},"end":{"line":68,"column":null}},"16":{"start":{"line":69,"column":38},"end":{"line":75,"column":null}},"17":{"start":{"line":78,"column":10},"end":{"line":90,"column":null}},"18":{"start":{"line":79,"column":8},"end":{"line":89,"column":null}},"19":{"start":{"line":80,"column":24},"end":{"line":80,"column":null}},"20":{"start":{"line":81,"column":12},"end":{"line":86,"column":null}},"21":{"start":{"line":82,"column":45},"end":{"line":82,"column":null}},"22":{"start":{"line":83,"column":16},"end":{"line":83,"column":null}},"23":{"start":{"line":84,"column":16},"end":{"line":84,"column":null}},"24":{"start":{"line":85,"column":16},"end":{"line":85,"column":null}},"25":{"start":{"line":88,"column":12},"end":{"line":88,"column":null}},"26":{"start":{"line":92,"column":4},"end":{"line":94,"column":null}},"27":{"start":{"line":93,"column":8},"end":{"line":93,"column":null}},"28":{"start":{"line":97,"column":30},"end":{"line":115,"column":null}},"29":{"start":{"line":98,"column":8},"end":{"line":98,"column":null}},"30":{"start":{"line":99,"column":8},"end":{"line":114,"column":null}},"31":{"start":{"line":100,"column":24},"end":{"line":104,"column":null}},"32":{"start":{"line":105,"column":25},"end":{"line":105,"column":null}},"33":{"start":{"line":106,"column":12},"end":{"line":109,"column":null}},"34":{"start":{"line":107,"column":16},"end":{"line":107,"column":null}},"35":{"start":{"line":108,"column":16},"end":{"line":108,"column":null}},"36":{"start":{"line":111,"column":12},"end":{"line":111,"column":null}},"37":{"start":{"line":113,"column":12},"end":{"line":113,"column":null}},"38":{"start":{"line":118,"column":23},"end":{"line":136,"column":null}},"39":{"start":{"line":119,"column":8},"end":{"line":119,"column":null}},"40":{"start":{"line":120,"column":8},"end":{"line":135,"column":null}},"41":{"start":{"line":121,"column":24},"end":{"line":125,"column":null}},"42":{"start":{"line":126,"column":37},"end":{"line":126,"column":null}},"43":{"start":{"line":127,"column":12},"end":{"line":127,"column":null}},"44":{"start":{"line":127,"column":36},"end":{"line":127,"column":70}},"45":{"start":{"line":129,"column":12},"end":{"line":132,"column":null}},"46":{"start":{"line":129,"column":36},"end":{"line":132,"column":14}},"47":{"start":{"line":134,"column":12},"end":{"line":134,"column":null}},"48":{"start":{"line":139,"column":32},"end":{"line":152,"column":null}},"49":{"start":{"line":140,"column":8},"end":{"line":140,"column":null}},"50":{"start":{"line":141,"column":8},"end":{"line":151,"column":null}},"51":{"start":{"line":142,"column":24},"end":{"line":142,"column":null}},"52":{"start":{"line":143,"column":12},"end":{"line":146,"column":null}},"53":{"start":{"line":144,"column":41},"end":{"line":144,"column":null}},"54":{"start":{"line":145,"column":16},"end":{"line":145,"column":null}},"55":{"start":{"line":145,"column":42},"end":{"line":145,"column":78}},"56":{"start":{"line":148,"column":12},"end":{"line":148,"column":null}},"57":{"start":{"line":150,"column":12},"end":{"line":150,"column":null}},"58":{"start":{"line":155,"column":29},"end":{"line":180,"column":null}},"59":{"start":{"line":156,"column":8},"end":{"line":156,"column":null}},"60":{"start":{"line":156,"column":56},"end":{"line":156,"column":null}},"61":{"start":{"line":157,"column":8},"end":{"line":157,"column":null}},"62":{"start":{"line":158,"column":8},"end":{"line":179,"column":null}},"63":{"start":{"line":159,"column":24},"end":{"line":169,"column":null}},"64":{"start":{"line":170,"column":12},"end":{"line":174,"column":null}},"65":{"start":{"line":171,"column":16},"end":{"line":171,"column":null}},"66":{"start":{"line":172,"column":16},"end":{"line":172,"column":null}},"67":{"start":{"line":173,"column":16},"end":{"line":173,"column":null}},"68":{"start":{"line":176,"column":12},"end":{"line":176,"column":null}},"69":{"start":{"line":178,"column":12},"end":{"line":178,"column":null}},"70":{"start":{"line":183,"column":31},"end":{"line":195,"column":null}},"71":{"start":{"line":184,"column":8},"end":{"line":184,"column":null}},"72":{"start":{"line":185,"column":8},"end":{"line":185,"column":null}},"73":{"start":{"line":185,"column":81},"end":{"line":185,"column":null}},"74":{"start":{"line":186,"column":8},"end":{"line":194,"column":null}},"75":{"start":{"line":187,"column":24},"end":{"line":187,"column":null}},"76":{"start":{"line":188,"column":12},"end":{"line":191,"column":null}},"77":{"start":{"line":189,"column":16},"end":{"line":189,"column":null}},"78":{"start":{"line":189,"column":45},"end":{"line":189,"column":null}},"79":{"start":{"line":190,"column":16},"end":{"line":190,"column":null}},"80":{"start":{"line":193,"column":12},"end":{"line":193,"column":null}},"81":{"start":{"line":197,"column":4},"end":{"line":542,"column":null}},"82":{"start":{"line":246,"column":37},"end":{"line":246,"column":null}},"83":{"start":{"line":247,"column":39},"end":{"line":247,"column":null}},"84":{"start":{"line":248,"column":39},"end":{"line":248,"column":null}},"85":{"start":{"line":251,"column":39},"end":{"line":251,"column":null}},"86":{"start":{"line":252,"column":38},"end":{"line":252,"column":null}},"87":{"start":{"line":253,"column":38},"end":{"line":253,"column":null}},"88":{"start":{"line":256,"column":41},"end":{"line":256,"column":null}},"89":{"start":{"line":257,"column":20},"end":{"line":261,"column":null}},"90":{"start":{"line":258,"column":24},"end":{"line":260,"column":null}},"91":{"start":{"line":259,"column":28},"end":{"line":259,"column":null}},"92":{"start":{"line":262,"column":20},"end":{"line":265,"column":null}},"93":{"start":{"line":263,"column":34},"end":{"line":263,"column":null}},"94":{"start":{"line":264,"column":24},"end":{"line":264,"column":null}},"95":{"start":{"line":264,"column":68},"end":{"line":264,"column":95}},"96":{"start":{"line":267,"column":20},"end":{"line":455,"column":null}},"97":{"start":{"line":278,"column":47},"end":{"line":278,"column":null}},"98":{"start":{"line":279,"column":52},"end":{"line":279,"column":147}},"99":{"start":{"line":279,"column":92},"end":{"line":279,"column":147}},"100":{"start":{"line":315,"column":60},"end":{"line":315,"column":null}},"101":{"start":{"line":348,"column":65},"end":{"line":348,"column":null}},"102":{"start":{"line":357,"column":65},"end":{"line":357,"column":null}},"103":{"start":{"line":364,"column":59},"end":{"line":364,"column":null}},"104":{"start":{"line":382,"column":70},"end":{"line":382,"column":null}},"105":{"start":{"line":383,"column":48},"end":{"line":405,"column":null}},"106":{"start":{"line":386,"column":71},"end":{"line":386,"column":null}},"107":{"start":{"line":415,"column":63},"end":{"line":415,"column":null}},"108":{"start":{"line":424,"column":59},"end":{"line":424,"column":null}},"109":{"start":{"line":464,"column":39},"end":{"line":464,"column":null}},"110":{"start":{"line":478,"column":47},"end":{"line":478,"column":null}},"111":{"start":{"line":490,"column":49},"end":{"line":490,"column":null}},"112":{"start":{"line":497,"column":49},"end":{"line":497,"column":null}},"113":{"start":{"line":504,"column":49},"end":{"line":504,"column":null}},"114":{"start":{"line":511,"column":49},"end":{"line":511,"column":null}},"115":{"start":{"line":518,"column":49},"end":{"line":518,"column":null}},"116":{"start":{"line":525,"column":47},"end":{"line":525,"column":null}}},"fnMap":{"0":{"name":"LLMSelector","decl":{"start":{"line":51,"column":24},"end":{"line":51,"column":38}},"loc":{"start":{"line":51,"column":38},"end":{"line":544,"column":null}},"line":51},"1":{"name":"(anonymous_1)","decl":{"start":{"line":78,"column":38},"end":{"line":78,"column":50}},"loc":{"start":{"line":78,"column":50},"end":{"line":90,"column":7}},"line":78},"2":{"name":"(anonymous_2)","decl":{"start":{"line":92,"column":14},"end":{"line":92,"column":20}},"loc":{"start":{"line":92,"column":20},"end":{"line":94,"column":7}},"line":92},"3":{"name":"(anonymous_3)","decl":{"start":{"line":97,"column":30},"end":{"line":97,"column":37}},"loc":{"start":{"line":97,"column":77},"end":{"line":115,"column":null}},"line":97},"4":{"name":"(anonymous_4)","decl":{"start":{"line":118,"column":23},"end":{"line":118,"column":30}},"loc":{"start":{"line":118,"column":55},"end":{"line":136,"column":null}},"line":118},"5":{"name":"(anonymous_5)","decl":{"start":{"line":127,"column":27},"end":{"line":127,"column":36}},"loc":{"start":{"line":127,"column":36},"end":{"line":127,"column":70}},"line":127},"6":{"name":"(anonymous_6)","decl":{"start":{"line":129,"column":27},"end":{"line":129,"column":36}},"loc":{"start":{"line":129,"column":36},"end":{"line":132,"column":14}},"line":129},"7":{"name":"(anonymous_7)","decl":{"start":{"line":139,"column":32},"end":{"line":139,"column":39}},"loc":{"start":{"line":139,"column":64},"end":{"line":152,"column":null}},"line":139},"8":{"name":"(anonymous_8)","decl":{"start":{"line":145,"column":33},"end":{"line":145,"column":42}},"loc":{"start":{"line":145,"column":42},"end":{"line":145,"column":78}},"line":145},"9":{"name":"(anonymous_9)","decl":{"start":{"line":155,"column":29},"end":{"line":155,"column":41}},"loc":{"start":{"line":155,"column":41},"end":{"line":180,"column":null}},"line":155},"10":{"name":"(anonymous_10)","decl":{"start":{"line":183,"column":31},"end":{"line":183,"column":38}},"loc":{"start":{"line":183,"column":76},"end":{"line":195,"column":null}},"line":183},"11":{"name":"(anonymous_11)","decl":{"start":{"line":245,"column":31},"end":{"line":245,"column":43}},"loc":{"start":{"line":245,"column":43},"end":{"line":457,"column":17}},"line":245},"12":{"name":"(anonymous_12)","decl":{"start":{"line":258,"column":63},"end":{"line":258,"column":null}},"loc":{"start":{"line":259,"column":28},"end":{"line":259,"column":null}},"line":259},"13":{"name":"(anonymous_13)","decl":{"start":{"line":264,"column":63},"end":{"line":264,"column":68}},"loc":{"start":{"line":264,"column":68},"end":{"line":264,"column":95}},"line":264},"14":{"name":"(anonymous_14)","decl":{"start":{"line":278,"column":41},"end":{"line":278,"column":47}},"loc":{"start":{"line":278,"column":47},"end":{"line":278,"column":null}},"line":278},"15":{"name":"(anonymous_15)","decl":{"start":{"line":279,"column":43},"end":{"line":279,"column":44}},"loc":{"start":{"line":279,"column":50},"end":{"line":279,"column":null}},"line":279},"16":{"name":"(anonymous_16)","decl":{"start":{"line":315,"column":53},"end":{"line":315,"column":54}},"loc":{"start":{"line":315,"column":60},"end":{"line":315,"column":null}},"line":315},"17":{"name":"(anonymous_17)","decl":{"start":{"line":348,"column":58},"end":{"line":348,"column":59}},"loc":{"start":{"line":348,"column":65},"end":{"line":348,"column":null}},"line":348},"18":{"name":"(anonymous_18)","decl":{"start":{"line":357,"column":58},"end":{"line":357,"column":59}},"loc":{"start":{"line":357,"column":65},"end":{"line":357,"column":null}},"line":357},"19":{"name":"(anonymous_19)","decl":{"start":{"line":364,"column":53},"end":{"line":364,"column":59}},"loc":{"start":{"line":364,"column":59},"end":{"line":364,"column":null}},"line":364},"20":{"name":"(anonymous_20)","decl":{"start":{"line":381,"column":63},"end":{"line":381,"column":72}},"loc":{"start":{"line":381,"column":72},"end":{"line":407,"column":45}},"line":381},"21":{"name":"(anonymous_21)","decl":{"start":{"line":386,"column":65},"end":{"line":386,"column":71}},"loc":{"start":{"line":386,"column":71},"end":{"line":386,"column":null}},"line":386},"22":{"name":"(anonymous_22)","decl":{"start":{"line":415,"column":57},"end":{"line":415,"column":63}},"loc":{"start":{"line":415,"column":63},"end":{"line":415,"column":null}},"line":415},"23":{"name":"(anonymous_23)","decl":{"start":{"line":424,"column":53},"end":{"line":424,"column":59}},"loc":{"start":{"line":424,"column":59},"end":{"line":424,"column":null}},"line":424},"24":{"name":"(anonymous_24)","decl":{"start":{"line":464,"column":33},"end":{"line":464,"column":39}},"loc":{"start":{"line":464,"column":39},"end":{"line":464,"column":null}},"line":464},"25":{"name":"(anonymous_25)","decl":{"start":{"line":478,"column":41},"end":{"line":478,"column":47}},"loc":{"start":{"line":478,"column":47},"end":{"line":478,"column":null}},"line":478},"26":{"name":"(anonymous_26)","decl":{"start":{"line":490,"column":42},"end":{"line":490,"column":43}},"loc":{"start":{"line":490,"column":49},"end":{"line":490,"column":null}},"line":490},"27":{"name":"(anonymous_27)","decl":{"start":{"line":497,"column":42},"end":{"line":497,"column":43}},"loc":{"start":{"line":497,"column":49},"end":{"line":497,"column":null}},"line":497},"28":{"name":"(anonymous_28)","decl":{"start":{"line":504,"column":42},"end":{"line":504,"column":43}},"loc":{"start":{"line":504,"column":49},"end":{"line":504,"column":null}},"line":504},"29":{"name":"(anonymous_29)","decl":{"start":{"line":511,"column":42},"end":{"line":511,"column":43}},"loc":{"start":{"line":511,"column":49},"end":{"line":511,"column":null}},"line":511},"30":{"name":"(anonymous_30)","decl":{"start":{"line":518,"column":42},"end":{"line":518,"column":43}},"loc":{"start":{"line":518,"column":49},"end":{"line":518,"column":null}},"line":518},"31":{"name":"(anonymous_31)","decl":{"start":{"line":525,"column":41},"end":{"line":525,"column":47}},"loc":{"start":{"line":525,"column":47},"end":{"line":525,"column":null}},"line":525}},"branchMap":{"0":{"loc":{"start":{"line":81,"column":12},"end":{"line":86,"column":null}},"type":"if","locations":[{"start":{"line":81,"column":12},"end":{"line":86,"column":null}},{"start":{},"end":{}}],"line":81},"1":{"loc":{"start":{"line":106,"column":12},"end":{"line":109,"column":null}},"type":"if","locations":[{"start":{"line":106,"column":12},"end":{"line":109,"column":null}},{"start":{},"end":{}}],"line":106},"2":{"loc":{"start":{"line":143,"column":12},"end":{"line":146,"column":null}},"type":"if","locations":[{"start":{"line":143,"column":12},"end":{"line":146,"column":null}},{"start":{},"end":{}}],"line":143},"3":{"loc":{"start":{"line":156,"column":8},"end":{"line":156,"column":null}},"type":"if","locations":[{"start":{"line":156,"column":8},"end":{"line":156,"column":null}},{"start":{},"end":{}}],"line":156},"4":{"loc":{"start":{"line":156,"column":12},"end":{"line":156,"column":56}},"type":"binary-expr","locations":[{"start":{"line":156,"column":12},"end":{"line":156,"column":33}},{"start":{"line":156,"column":33},"end":{"line":156,"column":56}}],"line":156},"5":{"loc":{"start":{"line":164,"column":34},"end":{"line":164,"column":null}},"type":"binary-expr","locations":[{"start":{"line":164,"column":34},"end":{"line":164,"column":62}},{"start":{"line":164,"column":62},"end":{"line":164,"column":null}}],"line":164},"6":{"loc":{"start":{"line":170,"column":12},"end":{"line":174,"column":null}},"type":"if","locations":[{"start":{"line":170,"column":12},"end":{"line":174,"column":null}},{"start":{},"end":{}}],"line":170},"7":{"loc":{"start":{"line":185,"column":8},"end":{"line":185,"column":null}},"type":"if","locations":[{"start":{"line":185,"column":8},"end":{"line":185,"column":null}},{"start":{},"end":{}}],"line":185},"8":{"loc":{"start":{"line":185,"column":28},"end":{"line":185,"column":78}},"type":"binary-expr","locations":[{"start":{"line":185,"column":28},"end":{"line":185,"column":55}},{"start":{"line":185,"column":55},"end":{"line":185,"column":78}}],"line":185},"9":{"loc":{"start":{"line":188,"column":12},"end":{"line":191,"column":null}},"type":"if","locations":[{"start":{"line":188,"column":12},"end":{"line":191,"column":null}},{"start":{},"end":{}}],"line":188},"10":{"loc":{"start":{"line":189,"column":16},"end":{"line":189,"column":null}},"type":"if","locations":[{"start":{"line":189,"column":16},"end":{"line":189,"column":null}},{"start":{},"end":{}}],"line":189},"11":{"loc":{"start":{"line":228,"column":33},"end":{"line":228,"column":null}},"type":"binary-expr","locations":[{"start":{"line":228,"column":33},"end":{"line":228,"column":48}},{"start":{"line":228,"column":48},"end":{"line":228,"column":null}}],"line":228},"12":{"loc":{"start":{"line":251,"column":39},"end":{"line":251,"column":null}},"type":"binary-expr","locations":[{"start":{"line":251,"column":39},"end":{"line":251,"column":58}},{"start":{"line":251,"column":58},"end":{"line":251,"column":null}}],"line":251},"13":{"loc":{"start":{"line":252,"column":38},"end":{"line":252,"column":null}},"type":"binary-expr","locations":[{"start":{"line":252,"column":38},"end":{"line":252,"column":70}},{"start":{"line":252,"column":70},"end":{"line":252,"column":null}}],"line":252},"14":{"loc":{"start":{"line":257,"column":20},"end":{"line":261,"column":null}},"type":"if","locations":[{"start":{"line":257,"column":20},"end":{"line":261,"column":null}},{"start":{},"end":{}}],"line":257},"15":{"loc":{"start":{"line":259,"column":28},"end":{"line":259,"column":null}},"type":"binary-expr","locations":[{"start":{"line":259,"column":28},"end":{"line":259,"column":64}},{"start":{"line":259,"column":64},"end":{"line":259,"column":null}}],"line":259},"16":{"loc":{"start":{"line":262,"column":20},"end":{"line":265,"column":null}},"type":"if","locations":[{"start":{"line":262,"column":20},"end":{"line":265,"column":null}},{"start":{},"end":{}}],"line":262},"17":{"loc":{"start":{"line":270,"column":105},"end":{"line":272,"column":null}},"type":"cond-expr","locations":[{"start":{"line":271,"column":34},"end":{"line":271,"column":null}},{"start":{"line":272,"column":34},"end":{"line":272,"column":null}}],"line":270},"18":{"loc":{"start":{"line":278,"column":67},"end":{"line":278,"column":100}},"type":"cond-expr","locations":[{"start":{"line":278,"column":80},"end":{"line":278,"column":87}},{"start":{"line":278,"column":87},"end":{"line":278,"column":100}}],"line":278},"19":{"loc":{"start":{"line":279,"column":52},"end":{"line":279,"column":147}},"type":"if","locations":[{"start":{"line":279,"column":52},"end":{"line":279,"column":147}},{"start":{},"end":{}}],"line":279},"20":{"loc":{"start":{"line":279,"column":56},"end":{"line":279,"column":92}},"type":"binary-expr","locations":[{"start":{"line":279,"column":56},"end":{"line":279,"column":77}},{"start":{"line":279,"column":77},"end":{"line":279,"column":92}}],"line":279},"21":{"loc":{"start":{"line":279,"column":112},"end":{"line":279,"column":145}},"type":"cond-expr","locations":[{"start":{"line":279,"column":125},"end":{"line":279,"column":132}},{"start":{"line":279,"column":132},"end":{"line":279,"column":145}}],"line":279},"22":{"loc":{"start":{"line":283,"column":88},"end":{"line":285,"column":null}},"type":"cond-expr","locations":[{"start":{"line":284,"column":42},"end":{"line":284,"column":null}},{"start":{"line":285,"column":42},"end":{"line":285,"column":null}}],"line":283},"23":{"loc":{"start":{"line":287,"column":41},"end":{"line":287,"column":null}},"type":"binary-expr","locations":[{"start":{"line":287,"column":41},"end":{"line":287,"column":68}},{"start":{"line":287,"column":68},"end":{"line":287,"column":null}}],"line":287},"24":{"loc":{"start":{"line":294,"column":45},"end":{"line":297,"column":null}},"type":"binary-expr","locations":[{"start":{"line":294,"column":45},"end":{"line":294,"column":null}},{"start":{"line":295,"column":48},"end":{"line":297,"column":null}}],"line":294},"25":{"loc":{"start":{"line":299,"column":45},"end":{"line":303,"column":null}},"type":"binary-expr","locations":[{"start":{"line":299,"column":45},"end":{"line":299,"column":null}},{"start":{"line":300,"column":48},"end":{"line":303,"column":null}}],"line":299},"26":{"loc":{"start":{"line":313,"column":37},"end":{"line":320,"column":null}},"type":"binary-expr","locations":[{"start":{"line":313,"column":37},"end":{"line":313,"column":null}},{"start":{"line":314,"column":40},"end":{"line":320,"column":null}}],"line":313},"27":{"loc":{"start":{"line":317,"column":51},"end":{"line":317,"column":null}},"type":"binary-expr","locations":[{"start":{"line":317,"column":51},"end":{"line":317,"column":79}},{"start":{"line":317,"column":79},"end":{"line":317,"column":null}}],"line":317},"28":{"loc":{"start":{"line":322,"column":37},"end":{"line":325,"column":null}},"type":"binary-expr","locations":[{"start":{"line":322,"column":37},"end":{"line":322,"column":null}},{"start":{"line":323,"column":40},"end":{"line":325,"column":null}}],"line":322},"29":{"loc":{"start":{"line":323,"column":40},"end":{"line":325,"column":null}},"type":"cond-expr","locations":[{"start":{"line":324,"column":46},"end":{"line":324,"column":null}},{"start":{"line":325,"column":46},"end":{"line":325,"column":null}}],"line":323},"30":{"loc":{"start":{"line":327,"column":37},"end":{"line":329,"column":null}},"type":"cond-expr","locations":[{"start":{"line":328,"column":42},"end":{"line":328,"column":null}},{"start":{"line":329,"column":42},"end":{"line":329,"column":null}}],"line":327},"31":{"loc":{"start":{"line":335,"column":29},"end":{"line":453,"column":null}},"type":"binary-expr","locations":[{"start":{"line":335,"column":29},"end":{"line":335,"column":null}},{"start":{"line":336,"column":32},"end":{"line":453,"column":null}}],"line":335},"32":{"loc":{"start":{"line":366,"column":177},"end":{"line":366,"column":null}},"type":"cond-expr","locations":[{"start":{"line":366,"column":212},"end":{"line":366,"column":240}},{"start":{"line":366,"column":240},"end":{"line":366,"column":null}}],"line":366},"33":{"loc":{"start":{"line":376,"column":41},"end":{"line":407,"column":null}},"type":"cond-expr","locations":[{"start":{"line":377,"column":44},"end":{"line":379,"column":null}},{"start":{"line":381,"column":44},"end":{"line":407,"column":null}}],"line":376},"34":{"loc":{"start":{"line":382,"column":70},"end":{"line":382,"column":null}},"type":"binary-expr","locations":[{"start":{"line":382,"column":70},"end":{"line":382,"column":82}},{"start":{"line":382,"column":82},"end":{"line":382,"column":null}}],"line":382},"35":{"loc":{"start":{"line":388,"column":196},"end":{"line":390,"column":null}},"type":"cond-expr","locations":[{"start":{"line":389,"column":62},"end":{"line":389,"column":null}},{"start":{"line":390,"column":62},"end":{"line":390,"column":null}}],"line":388},"36":{"loc":{"start":{"line":394,"column":57},"end":{"line":398,"column":null}},"type":"binary-expr","locations":[{"start":{"line":394,"column":57},"end":{"line":394,"column":null}},{"start":{"line":395,"column":60},"end":{"line":398,"column":null}}],"line":394},"37":{"loc":{"start":{"line":400,"column":57},"end":{"line":403,"column":null}},"type":"binary-expr","locations":[{"start":{"line":400,"column":57},"end":{"line":400,"column":null}},{"start":{"line":401,"column":60},"end":{"line":403,"column":null}}],"line":400},"38":{"loc":{"start":{"line":413,"column":41},"end":{"line":420,"column":null}},"type":"binary-expr","locations":[{"start":{"line":413,"column":41},"end":{"line":413,"column":null}},{"start":{"line":414,"column":44},"end":{"line":420,"column":null}}],"line":413},"39":{"loc":{"start":{"line":428,"column":45},"end":{"line":428,"column":null}},"type":"binary-expr","locations":[{"start":{"line":428,"column":45},"end":{"line":428,"column":74}},{"start":{"line":428,"column":74},"end":{"line":428,"column":null}}],"line":428},"40":{"loc":{"start":{"line":434,"column":37},"end":{"line":451,"column":null}},"type":"binary-expr","locations":[{"start":{"line":434,"column":37},"end":{"line":434,"column":null}},{"start":{"line":435,"column":40},"end":{"line":451,"column":null}}],"line":434},"41":{"loc":{"start":{"line":435,"column":105},"end":{"line":437,"column":null}},"type":"cond-expr","locations":[{"start":{"line":436,"column":46},"end":{"line":436,"column":null}},{"start":{"line":437,"column":46},"end":{"line":437,"column":null}}],"line":435},"42":{"loc":{"start":{"line":439,"column":45},"end":{"line":441,"column":null}},"type":"cond-expr","locations":[{"start":{"line":440,"column":50},"end":{"line":440,"column":null}},{"start":{"line":441,"column":50},"end":{"line":441,"column":null}}],"line":439},"43":{"loc":{"start":{"line":445,"column":49},"end":{"line":448,"column":null}},"type":"binary-expr","locations":[{"start":{"line":445,"column":49},"end":{"line":445,"column":null}},{"start":{"line":446,"column":52},"end":{"line":448,"column":null}}],"line":445},"44":{"loc":{"start":{"line":462,"column":17},"end":{"line":539,"column":null}},"type":"cond-expr","locations":[{"start":{"line":463,"column":20},"end":{"line":469,"column":null}},{"start":{"line":471,"column":20},"end":{"line":539,"column":null}}],"line":462},"45":{"loc":{"start":{"line":468,"column":25},"end":{"line":468,"column":null}},"type":"binary-expr","locations":[{"start":{"line":468,"column":25},"end":{"line":468,"column":48}},{"start":{"line":468,"column":48},"end":{"line":468,"column":null}}],"line":468},"46":{"loc":{"start":{"line":475,"column":33},"end":{"line":475,"column":null}},"type":"binary-expr","locations":[{"start":{"line":475,"column":33},"end":{"line":475,"column":58}},{"start":{"line":475,"column":58},"end":{"line":475,"column":null}}],"line":475},"47":{"loc":{"start":{"line":532,"column":42},"end":{"line":532,"column":null}},"type":"binary-expr","locations":[{"start":{"line":532,"column":42},"end":{"line":532,"column":60}},{"start":{"line":532,"column":60},"end":{"line":532,"column":81}},{"start":{"line":532,"column":81},"end":{"line":532,"column":null}}],"line":532},"48":{"loc":{"start":{"line":535,"column":33},"end":{"line":535,"column":null}},"type":"cond-expr","locations":[{"start":{"line":535,"column":50},"end":{"line":535,"column":97}},{"start":{"line":535,"column":97},"end":{"line":535,"column":null}}],"line":535}},"s":{"0":1,"1":1,"2":54,"3":54,"4":54,"5":54,"6":54,"7":54,"8":54,"9":54,"10":54,"11":54,"12":54,"13":54,"14":54,"15":54,"16":54,"17":54,"18":10,"19":10,"20":10,"21":10,"22":10,"23":10,"24":10,"25":0,"26":54,"27":8,"28":54,"29":1,"30":1,"31":1,"32":1,"33":1,"34":1,"35":1,"36":0,"37":1,"38":54,"39":1,"40":1,"41":1,"42":1,"43":1,"44":1,"45":0,"46":0,"47":1,"48":54,"49":1,"50":1,"51":1,"52":1,"53":1,"54":1,"55":1,"56":0,"57":1,"58":54,"59":1,"60":0,"61":1,"62":1,"63":1,"64":1,"65":1,"66":1,"67":1,"68":0,"69":1,"70":54,"71":1,"72":1,"73":0,"74":1,"75":1,"76":1,"77":1,"78":0,"79":1,"80":0,"81":54,"82":84,"83":84,"84":84,"85":84,"86":84,"87":84,"88":84,"89":84,"90":2,"91":4,"92":84,"93":6,"94":6,"95":12,"96":84,"97":5,"98":0,"99":0,"100":1,"101":3,"102":2,"103":1,"104":26,"105":26,"106":1,"107":0,"108":1,"109":1,"110":0,"111":8,"112":0,"113":10,"114":0,"115":0,"116":0},"f":{"0":54,"1":10,"2":8,"3":1,"4":1,"5":1,"6":0,"7":1,"8":1,"9":1,"10":1,"11":84,"12":4,"13":12,"14":5,"15":0,"16":1,"17":3,"18":2,"19":1,"20":26,"21":1,"22":0,"23":1,"24":1,"25":0,"26":8,"27":0,"28":10,"29":0,"30":0,"31":0},"b":{"0":[10,0],"1":[1,0],"2":[1,0],"3":[0,1],"4":[1,1],"5":[1,1],"6":[1,0],"7":[0,1],"8":[1,0],"9":[1,0],"10":[0,1],"11":[54,10],"12":[84,0],"13":[84,83],"14":[2,82],"15":[4,3],"16":[6,78],"17":[44,40],"18":[0,5],"19":[0,0],"20":[0,0],"21":[0,0],"22":[44,40],"23":[84,4],"24":[84,40],"25":[84,44],"26":[84,40],"27":[40,0],"28":[84,1],"29":[1,0],"30":[16,68],"31":[84,16],"32":[1,15],"33":[3,13],"34":[26,21],"35":[10,16],"36":[26,10],"37":[26,16],"38":[16,6],"39":[16,1],"40":[16,1],"41":[1,0],"42":[1,0],"43":[1,1],"44":[34,20],"45":[34,0],"46":[20,0],"47":[20,19,18],"48":[1,19]},"meta":{"lastBranch":49,"lastFunction":32,"lastStatement":117,"seen":{"s:43:50:47:Infinity":0,"s:49:17:49:Infinity":1,"f:51:24:51:38":0,"s:52:14:52:Infinity":2,"s:54:34:54:Infinity":3,"s:55:44:55:Infinity":4,"s:56:38:56:Infinity":5,"s:57:48:57:Infinity":6,"s:58:38:58:Infinity":7,"s:59:32:59:Infinity":8,"s:60:30:60:Infinity":9,"s:61:38:61:Infinity":10,"s:62:34:62:Infinity":11,"s:63:42:63:Infinity":12,"s:64:44:64:Infinity":13,"s:67:38:67:Infinity":14,"s:68:44:68:Infinity":15,"s:69:38:75:Infinity":16,"s:78:10:90:Infinity":17,"f:78:38:78:50":1,"s:79:8:89:Infinity":18,"s:80:24:80:Infinity":19,"b:81:12:86:Infinity:undefined:undefined:undefined:undefined":0,"s:81:12:86:Infinity":20,"s:82:45:82:Infinity":21,"s:83:16:83:Infinity":22,"s:84:16:84:Infinity":23,"s:85:16:85:Infinity":24,"s:88:12:88:Infinity":25,"s:92:4:94:Infinity":26,"f:92:14:92:20":2,"s:93:8:93:Infinity":27,"s:97:30:115:Infinity":28,"f:97:30:97:37":3,"s:98:8:98:Infinity":29,"s:99:8:114:Infinity":30,"s:100:24:104:Infinity":31,"s:105:25:105:Infinity":32,"b:106:12:109:Infinity:undefined:undefined:undefined:undefined":1,"s:106:12:109:Infinity":33,"s:107:16:107:Infinity":34,"s:108:16:108:Infinity":35,"s:111:12:111:Infinity":36,"s:113:12:113:Infinity":37,"s:118:23:136:Infinity":38,"f:118:23:118:30":4,"s:119:8:119:Infinity":39,"s:120:8:135:Infinity":40,"s:121:24:125:Infinity":41,"s:126:37:126:Infinity":42,"s:127:12:127:Infinity":43,"f:127:27:127:36":5,"s:127:36:127:70":44,"s:129:12:132:Infinity":45,"f:129:27:129:36":6,"s:129:36:132:14":46,"s:134:12:134:Infinity":47,"s:139:32:152:Infinity":48,"f:139:32:139:39":7,"s:140:8:140:Infinity":49,"s:141:8:151:Infinity":50,"s:142:24:142:Infinity":51,"b:143:12:146:Infinity:undefined:undefined:undefined:undefined":2,"s:143:12:146:Infinity":52,"s:144:41:144:Infinity":53,"s:145:16:145:Infinity":54,"f:145:33:145:42":8,"s:145:42:145:78":55,"s:148:12:148:Infinity":56,"s:150:12:150:Infinity":57,"s:155:29:180:Infinity":58,"f:155:29:155:41":9,"b:156:8:156:Infinity:undefined:undefined:undefined:undefined":3,"s:156:8:156:Infinity":59,"b:156:12:156:33:156:33:156:56":4,"s:156:56:156:Infinity":60,"s:157:8:157:Infinity":61,"s:158:8:179:Infinity":62,"s:159:24:169:Infinity":63,"b:164:34:164:62:164:62:164:Infinity":5,"b:170:12:174:Infinity:undefined:undefined:undefined:undefined":6,"s:170:12:174:Infinity":64,"s:171:16:171:Infinity":65,"s:172:16:172:Infinity":66,"s:173:16:173:Infinity":67,"s:176:12:176:Infinity":68,"s:178:12:178:Infinity":69,"s:183:31:195:Infinity":70,"f:183:31:183:38":10,"s:184:8:184:Infinity":71,"b:185:8:185:Infinity:undefined:undefined:undefined:undefined":7,"s:185:8:185:Infinity":72,"b:185:28:185:55:185:55:185:78":8,"s:185:81:185:Infinity":73,"s:186:8:194:Infinity":74,"s:187:24:187:Infinity":75,"b:188:12:191:Infinity:undefined:undefined:undefined:undefined":9,"s:188:12:191:Infinity":76,"b:189:16:189:Infinity:undefined:undefined:undefined:undefined":10,"s:189:16:189:Infinity":77,"s:189:45:189:Infinity":78,"s:190:16:190:Infinity":79,"s:193:12:193:Infinity":80,"s:197:4:542:Infinity":81,"b:228:33:228:48:228:48:228:Infinity":11,"f:245:31:245:43":11,"s:246:37:246:Infinity":82,"s:247:39:247:Infinity":83,"s:248:39:248:Infinity":84,"s:251:39:251:Infinity":85,"b:251:39:251:58:251:58:251:Infinity":12,"s:252:38:252:Infinity":86,"b:252:38:252:70:252:70:252:Infinity":13,"s:253:38:253:Infinity":87,"s:256:41:256:Infinity":88,"b:257:20:261:Infinity:undefined:undefined:undefined:undefined":14,"s:257:20:261:Infinity":89,"s:258:24:260:Infinity":90,"f:258:63:258:Infinity":12,"s:259:28:259:Infinity":91,"b:259:28:259:64:259:64:259:Infinity":15,"b:262:20:265:Infinity:undefined:undefined:undefined:undefined":16,"s:262:20:265:Infinity":92,"s:263:34:263:Infinity":93,"s:264:24:264:Infinity":94,"f:264:63:264:68":13,"s:264:68:264:95":95,"s:267:20:455:Infinity":96,"b:271:34:271:Infinity:272:34:272:Infinity":17,"f:278:41:278:47":14,"s:278:47:278:Infinity":97,"b:278:80:278:87:278:87:278:100":18,"f:279:43:279:44":15,"b:279:52:279:147:undefined:undefined:undefined:undefined":19,"s:279:52:279:147":98,"b:279:56:279:77:279:77:279:92":20,"s:279:92:279:147":99,"b:279:125:279:132:279:132:279:145":21,"b:284:42:284:Infinity:285:42:285:Infinity":22,"b:287:41:287:68:287:68:287:Infinity":23,"b:294:45:294:Infinity:295:48:297:Infinity":24,"b:299:45:299:Infinity:300:48:303:Infinity":25,"b:313:37:313:Infinity:314:40:320:Infinity":26,"f:315:53:315:54":16,"s:315:60:315:Infinity":100,"b:317:51:317:79:317:79:317:Infinity":27,"b:322:37:322:Infinity:323:40:325:Infinity":28,"b:324:46:324:Infinity:325:46:325:Infinity":29,"b:328:42:328:Infinity:329:42:329:Infinity":30,"b:335:29:335:Infinity:336:32:453:Infinity":31,"f:348:58:348:59":17,"s:348:65:348:Infinity":101,"f:357:58:357:59":18,"s:357:65:357:Infinity":102,"f:364:53:364:59":19,"s:364:59:364:Infinity":103,"b:366:212:366:240:366:240:366:Infinity":32,"b:377:44:379:Infinity:381:44:407:Infinity":33,"f:381:63:381:72":20,"s:382:70:382:Infinity":104,"b:382:70:382:82:382:82:382:Infinity":34,"s:383:48:405:Infinity":105,"f:386:65:386:71":21,"s:386:71:386:Infinity":106,"b:389:62:389:Infinity:390:62:390:Infinity":35,"b:394:57:394:Infinity:395:60:398:Infinity":36,"b:400:57:400:Infinity:401:60:403:Infinity":37,"b:413:41:413:Infinity:414:44:420:Infinity":38,"f:415:57:415:63":22,"s:415:63:415:Infinity":107,"f:424:53:424:59":23,"s:424:59:424:Infinity":108,"b:428:45:428:74:428:74:428:Infinity":39,"b:434:37:434:Infinity:435:40:451:Infinity":40,"b:436:46:436:Infinity:437:46:437:Infinity":41,"b:440:50:440:Infinity:441:50:441:Infinity":42,"b:445:49:445:Infinity:446:52:448:Infinity":43,"b:463:20:469:Infinity:471:20:539:Infinity":44,"f:464:33:464:39":24,"s:464:39:464:Infinity":109,"b:468:25:468:48:468:48:468:Infinity":45,"b:475:33:475:58:475:58:475:Infinity":46,"f:478:41:478:47":25,"s:478:47:478:Infinity":110,"f:490:42:490:43":26,"s:490:49:490:Infinity":111,"f:497:42:497:43":27,"s:497:49:497:Infinity":112,"f:504:42:504:43":28,"s:504:49:504:Infinity":113,"f:511:42:511:43":29,"s:511:49:511:Infinity":114,"f:518:42:518:43":30,"s:518:49:518:Infinity":115,"f:525:41:525:47":31,"s:525:47:525:Infinity":116,"b:532:42:532:60:532:60:532:81:532:81:532:Infinity":47,"b:535:50:535:97:535:97:535:Infinity":48}}}
,"/Users/cdagorn/Projets_Python/EssaimDrones/Code/Frontend/src/components/Layout.tsx": {"path":"/Users/cdagorn/Projets_Python/EssaimDrones/Code/Frontend/src/components/Layout.tsx","statementMap":{"0":{"start":{"line":15,"column":20},"end":{"line":15,"column":null}},"1":{"start":{"line":16,"column":10},"end":{"line":16,"column":null}},"2":{"start":{"line":17,"column":28},"end":{"line":17,"column":null}},"3":{"start":{"line":18,"column":59},"end":{"line":18,"column":null}},"4":{"start":{"line":19,"column":10},"end":{"line":19,"column":null}},"5":{"start":{"line":20,"column":32},"end":{"line":20,"column":null}},"6":{"start":{"line":21,"column":44},"end":{"line":21,"column":null}},"7":{"start":{"line":22,"column":44},"end":{"line":22,"column":null}},"8":{"start":{"line":24,"column":29},"end":{"line":34,"column":null}},"9":{"start":{"line":25,"column":8},"end":{"line":25,"column":null}},"10":{"start":{"line":25,"column":34},"end":{"line":25,"column":39}},"11":{"start":{"line":27,"column":8},"end":{"line":33,"column":null}},"12":{"start":{"line":28,"column":12},"end":{"line":32,"column":null}},"13":{"start":{"line":36,"column":30},"end":{"line":36,"column":null}},"14":{"start":{"line":38,"column":23},"end":{"line":40,"column":null}},"15":{"start":{"line":39,"column":8},"end":{"line":39,"column":null}},"16":{"start":{"line":42,"column":21},"end":{"line":48,"column":null}},"17":{"start":{"line":50,"column":4},"end":{"line":242,"column":null}},"18":{"start":{"line":65,"column":43},"end":{"line":65,"column":null}},"19":{"start":{"line":66,"column":41},"end":{"line":66,"column":null}},"20":{"start":{"line":67,"column":28},"end":{"line":79,"column":null}},"21":{"start":{"line":102,"column":47},"end":{"line":102,"column":null}},"22":{"start":{"line":130,"column":43},"end":{"line":130,"column":null}},"23":{"start":{"line":142,"column":52},"end":{"line":142,"column":80}},"24":{"start":{"line":150,"column":52},"end":{"line":150,"column":80}},"25":{"start":{"line":183,"column":47},"end":{"line":183,"column":null}},"26":{"start":{"line":199,"column":66},"end":{"line":199,"column":86}},"27":{"start":{"line":206,"column":39},"end":{"line":206,"column":null}},"28":{"start":{"line":207,"column":37},"end":{"line":207,"column":null}},"29":{"start":{"line":208,"column":24},"end":{"line":220,"column":null}},"30":{"start":{"line":233,"column":39},"end":{"line":233,"column":null}}},"fnMap":{"0":{"name":"Layout","decl":{"start":{"line":14,"column":24},"end":{"line":14,"column":33}},"loc":{"start":{"line":14,"column":33},"end":{"line":244,"column":null}},"line":14},"1":{"name":"(anonymous_1)","decl":{"start":{"line":24,"column":29},"end":{"line":24,"column":35}},"loc":{"start":{"line":24,"column":35},"end":{"line":34,"column":null}},"line":24},"2":{"name":"(anonymous_2)","decl":{"start":{"line":25,"column":26},"end":{"line":25,"column":34}},"loc":{"start":{"line":25,"column":34},"end":{"line":25,"column":39}},"line":25},"3":{"name":"(anonymous_3)","decl":{"start":{"line":38,"column":23},"end":{"line":38,"column":29}},"loc":{"start":{"line":38,"column":29},"end":{"line":40,"column":null}},"line":38},"4":{"name":"(anonymous_4)","decl":{"start":{"line":64,"column":38},"end":{"line":64,"column":39}},"loc":{"start":{"line":64,"column":48},"end":{"line":81,"column":25}},"line":64},"5":{"name":"(anonymous_5)","decl":{"start":{"line":102,"column":41},"end":{"line":102,"column":47}},"loc":{"start":{"line":102,"column":47},"end":{"line":102,"column":null}},"line":102},"6":{"name":"(anonymous_6)","decl":{"start":{"line":130,"column":37},"end":{"line":130,"column":43}},"loc":{"start":{"line":130,"column":43},"end":{"line":130,"column":null}},"line":130},"7":{"name":"(anonymous_7)","decl":{"start":{"line":142,"column":47},"end":{"line":142,"column":52}},"loc":{"start":{"line":142,"column":52},"end":{"line":142,"column":80}},"line":142},"8":{"name":"(anonymous_8)","decl":{"start":{"line":150,"column":47},"end":{"line":150,"column":52}},"loc":{"start":{"line":150,"column":52},"end":{"line":150,"column":80}},"line":150},"9":{"name":"(anonymous_9)","decl":{"start":{"line":183,"column":41},"end":{"line":183,"column":47}},"loc":{"start":{"line":183,"column":47},"end":{"line":183,"column":null}},"line":183},"10":{"name":"(anonymous_10)","decl":{"start":{"line":199,"column":60},"end":{"line":199,"column":66}},"loc":{"start":{"line":199,"column":66},"end":{"line":199,"column":86}},"line":199},"11":{"name":"(anonymous_11)","decl":{"start":{"line":205,"column":34},"end":{"line":205,"column":35}},"loc":{"start":{"line":205,"column":44},"end":{"line":222,"column":21}},"line":205},"12":{"name":"(anonymous_12)","decl":{"start":{"line":233,"column":33},"end":{"line":233,"column":39}},"loc":{"start":{"line":233,"column":39},"end":{"line":233,"column":null}},"line":233}},"branchMap":{"0":{"loc":{"start":{"line":27,"column":8},"end":{"line":33,"column":null}},"type":"if","locations":[{"start":{"line":27,"column":8},"end":{"line":33,"column":null}},{"start":{},"end":{}}],"line":27},"1":{"loc":{"start":{"line":27,"column":12},"end":{"line":27,"column":40}},"type":"binary-expr","locations":[{"start":{"line":27,"column":12},"end":{"line":27,"column":27}},{"start":{"line":27,"column":27},"end":{"line":27,"column":40}}],"line":27},"2":{"loc":{"start":{"line":36,"column":30},"end":{"line":36,"column":null}},"type":"binary-expr","locations":[{"start":{"line":36,"column":30},"end":{"line":36,"column":54}},{"start":{"line":36,"column":54},"end":{"line":36,"column":null}}],"line":36},"3":{"loc":{"start":{"line":39,"column":28},"end":{"line":39,"column":64}},"type":"cond-expr","locations":[{"start":{"line":39,"column":53},"end":{"line":39,"column":60}},{"start":{"line":39,"column":60},"end":{"line":39,"column":64}}],"line":39},"4":{"loc":{"start":{"line":71,"column":54},"end":{"line":71,"column":null}},"type":"cond-expr","locations":[{"start":{"line":71,"column":63},"end":{"line":71,"column":72}},{"start":{"line":71,"column":72},"end":{"line":71,"column":null}}],"line":71},"5":{"loc":{"start":{"line":72,"column":235},"end":{"line":74,"column":null}},"type":"cond-expr","locations":[{"start":{"line":73,"column":46},"end":{"line":73,"column":null}},{"start":{"line":74,"column":46},"end":{"line":74,"column":null}}],"line":72},"6":{"loc":{"start":{"line":85,"column":42},"end":{"line":85,"column":null}},"type":"cond-expr","locations":[{"start":{"line":85,"column":59},"end":{"line":85,"column":79}},{"start":{"line":85,"column":79},"end":{"line":85,"column":null}}],"line":85},"7":{"loc":{"start":{"line":88,"column":158},"end":{"line":90,"column":null}},"type":"cond-expr","locations":[{"start":{"line":89,"column":38},"end":{"line":89,"column":null}},{"start":{"line":90,"column":38},"end":{"line":90,"column":null}}],"line":88},"8":{"loc":{"start":{"line":95,"column":37},"end":{"line":95,"column":null}},"type":"cond-expr","locations":[{"start":{"line":95,"column":54},"end":{"line":95,"column":107}},{"start":{"line":95,"column":107},"end":{"line":95,"column":null}}],"line":95},"9":{"loc":{"start":{"line":103,"column":158},"end":{"line":105,"column":null}},"type":"cond-expr","locations":[{"start":{"line":104,"column":38},"end":{"line":104,"column":null}},{"start":{"line":105,"column":38},"end":{"line":105,"column":null}}],"line":103},"10":{"loc":{"start":{"line":134,"column":29},"end":{"line":134,"column":null}},"type":"cond-expr","locations":[{"start":{"line":134,"column":46},"end":{"line":134,"column":74}},{"start":{"line":134,"column":74},"end":{"line":134,"column":null}}],"line":134},"11":{"loc":{"start":{"line":183,"column":56},"end":{"line":183,"column":91}},"type":"cond-expr","locations":[{"start":{"line":183,"column":75},"end":{"line":183,"column":85}},{"start":{"line":183,"column":85},"end":{"line":183,"column":91}}],"line":183},"12":{"loc":{"start":{"line":187,"column":33},"end":{"line":187,"column":null}},"type":"cond-expr","locations":[{"start":{"line":187,"column":52},"end":{"line":187,"column":82}},{"start":{"line":187,"column":82},"end":{"line":187,"column":null}}],"line":187},"13":{"loc":{"start":{"line":212,"column":46},"end":{"line":212,"column":null}},"type":"cond-expr","locations":[{"start":{"line":212,"column":55},"end":{"line":212,"column":64}},{"start":{"line":212,"column":64},"end":{"line":212,"column":null}}],"line":212},"14":{"loc":{"start":{"line":213,"column":109},"end":{"line":215,"column":null}},"type":"cond-expr","locations":[{"start":{"line":214,"column":38},"end":{"line":214,"column":null}},{"start":{"line":215,"column":38},"end":{"line":215,"column":null}}],"line":213},"15":{"loc":{"start":{"line":225,"column":101},"end":{"line":225,"column":155}},"type":"cond-expr","locations":[{"start":{"line":225,"column":118},"end":{"line":225,"column":137}},{"start":{"line":225,"column":137},"end":{"line":225,"column":155}}],"line":225},"16":{"loc":{"start":{"line":228,"column":29},"end":{"line":228,"column":null}},"type":"cond-expr","locations":[{"start":{"line":228,"column":46},"end":{"line":228,"column":130}},{"start":{"line":228,"column":130},"end":{"line":228,"column":null}}],"line":228},"17":{"loc":{"start":{"line":234,"column":101},"end":{"line":234,"column":null}},"type":"cond-expr","locations":[{"start":{"line":234,"column":112},"end":{"line":234,"column":132}},{"start":{"line":234,"column":132},"end":{"line":234,"column":null}}],"line":234}},"s":{"0":9,"1":9,"2":9,"3":9,"4":9,"5":9,"6":9,"7":9,"8":9,"9":0,"10":0,"11":0,"12":0,"13":9,"14":9,"15":1,"16":9,"17":9,"18":45,"19":45,"20":45,"21":1,"22":1,"23":9,"24":9,"25":1,"26":1,"27":45,"28":45,"29":45,"30":0},"f":{"0":9,"1":0,"2":0,"3":1,"4":45,"5":1,"6":1,"7":9,"8":9,"9":1,"10":1,"11":45,"12":0},"b":{"0":[0,0],"1":[0,0],"2":[9,0],"3":[1,0],"4":[9,36],"5":[9,36],"6":[9,0],"7":[9,0],"8":[9,0],"9":[1,8],"10":[1,8],"11":[1,0],"12":[9,0],"13":[9,36],"14":[9,36],"15":[9,0],"16":[9,0],"17":[1,8]},"meta":{"lastBranch":18,"lastFunction":13,"lastStatement":31,"seen":{"f:14:24:14:33":0,"s:15:20:15:Infinity":0,"s:16:10:16:Infinity":1,"s:17:28:17:Infinity":2,"s:18:59:18:Infinity":3,"s:19:10:19:Infinity":4,"s:20:32:20:Infinity":5,"s:21:44:21:Infinity":6,"s:22:44:22:Infinity":7,"s:24:29:34:Infinity":8,"f:24:29:24:35":1,"s:25:8:25:Infinity":9,"f:25:26:25:34":2,"s:25:34:25:39":10,"b:27:8:33:Infinity:undefined:undefined:undefined:undefined":0,"s:27:8:33:Infinity":11,"b:27:12:27:27:27:27:27:40":1,"s:28:12:32:Infinity":12,"s:36:30:36:Infinity":13,"b:36:30:36:54:36:54:36:Infinity":2,"s:38:23:40:Infinity":14,"f:38:23:38:29":3,"s:39:8:39:Infinity":15,"b:39:53:39:60:39:60:39:64":3,"s:42:21:48:Infinity":16,"s:50:4:242:Infinity":17,"f:64:38:64:39":4,"s:65:43:65:Infinity":18,"s:66:41:66:Infinity":19,"s:67:28:79:Infinity":20,"b:71:63:71:72:71:72:71:Infinity":4,"b:73:46:73:Infinity:74:46:74:Infinity":5,"b:85:59:85:79:85:79:85:Infinity":6,"b:89:38:89:Infinity:90:38:90:Infinity":7,"b:95:54:95:107:95:107:95:Infinity":8,"f:102:41:102:47":5,"s:102:47:102:Infinity":21,"b:104:38:104:Infinity:105:38:105:Infinity":9,"f:130:37:130:43":6,"s:130:43:130:Infinity":22,"b:134:46:134:74:134:74:134:Infinity":10,"f:142:47:142:52":7,"s:142:52:142:80":23,"f:150:47:150:52":8,"s:150:52:150:80":24,"f:183:41:183:47":9,"s:183:47:183:Infinity":25,"b:183:75:183:85:183:85:183:91":11,"b:187:52:187:82:187:82:187:Infinity":12,"f:199:60:199:66":10,"s:199:66:199:86":26,"f:205:34:205:35":11,"s:206:39:206:Infinity":27,"s:207:37:207:Infinity":28,"s:208:24:220:Infinity":29,"b:212:55:212:64:212:64:212:Infinity":13,"b:214:38:214:Infinity:215:38:215:Infinity":14,"b:225:118:225:137:225:137:225:155":15,"b:228:46:228:130:228:130:228:Infinity":16,"f:233:33:233:39":12,"s:233:39:233:Infinity":30,"b:234:112:234:132:234:132:234:Infinity":17}}}
,"/Users/cdagorn/Projets_Python/EssaimDrones/Code/Frontend/src/components/OnboardingWizard.tsx": {"path":"/Users/cdagorn/Projets_Python/EssaimDrones/Code/Frontend/src/components/OnboardingWizard.tsx","statementMap":{"0":{"start":{"line":5,"column":20},"end":{"line":5,"column":null}},"1":{"start":{"line":7,"column":14},"end":{"line":29,"column":null}},"2":{"start":{"line":32,"column":14},"end":{"line":32,"column":null}},"3":{"start":{"line":33,"column":30},"end":{"line":36,"column":null}},"4":{"start":{"line":34,"column":21},"end":{"line":34,"column":null}},"5":{"start":{"line":35,"column":8},"end":{"line":35,"column":null}},"6":{"start":{"line":37,"column":24},"end":{"line":37,"column":null}},"7":{"start":{"line":39,"column":20},"end":{"line":42,"column":null}},"8":{"start":{"line":40,"column":8},"end":{"line":40,"column":null}},"9":{"start":{"line":41,"column":8},"end":{"line":41,"column":null}},"10":{"start":{"line":44,"column":17},"end":{"line":50,"column":null}},"11":{"start":{"line":45,"column":8},"end":{"line":49,"column":null}},"12":{"start":{"line":46,"column":12},"end":{"line":46,"column":null}},"13":{"start":{"line":46,"column":25},"end":{"line":46,"column":30}},"14":{"start":{"line":48,"column":12},"end":{"line":48,"column":null}},"15":{"start":{"line":52,"column":4},"end":{"line":52,"column":null}},"16":{"start":{"line":52,"column":18},"end":{"line":52,"column":null}},"17":{"start":{"line":54,"column":20},"end":{"line":54,"column":null}},"18":{"start":{"line":55,"column":17},"end":{"line":55,"column":null}},"19":{"start":{"line":57,"column":4},"end":{"line":116,"column":null}},"20":{"start":{"line":88,"column":28},"end":{"line":94,"column":null}},"21":{"start":{"line":90,"column":47},"end":{"line":90,"column":null}}},"fnMap":{"0":{"name":"OnboardingWizard","decl":{"start":{"line":31,"column":24},"end":{"line":31,"column":43}},"loc":{"start":{"line":31,"column":43},"end":{"line":118,"column":null}},"line":31},"1":{"name":"(anonymous_1)","decl":{"start":{"line":33,"column":43},"end":{"line":33,"column":49}},"loc":{"start":{"line":33,"column":49},"end":{"line":36,"column":5}},"line":33},"2":{"name":"(anonymous_2)","decl":{"start":{"line":39,"column":20},"end":{"line":39,"column":26}},"loc":{"start":{"line":39,"column":26},"end":{"line":42,"column":null}},"line":39},"3":{"name":"(anonymous_3)","decl":{"start":{"line":44,"column":17},"end":{"line":44,"column":23}},"loc":{"start":{"line":44,"column":23},"end":{"line":50,"column":null}},"line":44},"4":{"name":"(anonymous_4)","decl":{"start":{"line":46,"column":20},"end":{"line":46,"column":25}},"loc":{"start":{"line":46,"column":25},"end":{"line":46,"column":30}},"line":46},"5":{"name":"(anonymous_5)","decl":{"start":{"line":87,"column":35},"end":{"line":87,"column":36}},"loc":{"start":{"line":88,"column":28},"end":{"line":94,"column":null}},"line":88},"6":{"name":"(anonymous_6)","decl":{"start":{"line":90,"column":41},"end":{"line":90,"column":47}},"loc":{"start":{"line":90,"column":47},"end":{"line":90,"column":null}},"line":90}},"branchMap":{"0":{"loc":{"start":{"line":45,"column":8},"end":{"line":49,"column":null}},"type":"if","locations":[{"start":{"line":45,"column":8},"end":{"line":49,"column":null}},{"start":{"line":47,"column":15},"end":{"line":49,"column":null}}],"line":45},"1":{"loc":{"start":{"line":52,"column":4},"end":{"line":52,"column":null}},"type":"if","locations":[{"start":{"line":52,"column":4},"end":{"line":52,"column":null}},{"start":{},"end":{}}],"line":52},"2":{"loc":{"start":{"line":91,"column":86},"end":{"line":91,"column":null}},"type":"cond-expr","locations":[{"start":{"line":91,"column":99},"end":{"line":91,"column":119}},{"start":{"line":91,"column":119},"end":{"line":91,"column":null}}],"line":91},"3":{"loc":{"start":{"line":110,"column":29},"end":{"line":110,"column":null}},"type":"cond-expr","locations":[{"start":{"line":110,"column":55},"end":{"line":110,"column":78}},{"start":{"line":110,"column":78},"end":{"line":110,"column":null}}],"line":110}},"s":{"0":1,"1":1,"2":15,"3":15,"4":7,"5":7,"6":15,"7":15,"8":3,"9":3,"10":15,"11":5,"12":4,"13":4,"14":1,"15":15,"16":4,"17":11,"18":11,"19":11,"20":33,"21":1},"f":{"0":15,"1":7,"2":3,"3":5,"4":4,"5":33,"6":1},"b":{"0":[4,1],"1":[4,11],"2":[11,22],"3":[8,3]},"meta":{"lastBranch":4,"lastFunction":7,"lastStatement":22,"seen":{"s:5:20:5:Infinity":0,"s:7:14:29:Infinity":1,"f:31:24:31:43":0,"s:32:14:32:Infinity":2,"s:33:30:36:Infinity":3,"f:33:43:33:49":1,"s:34:21:34:Infinity":4,"s:35:8:35:Infinity":5,"s:37:24:37:Infinity":6,"s:39:20:42:Infinity":7,"f:39:20:39:26":2,"s:40:8:40:Infinity":8,"s:41:8:41:Infinity":9,"s:44:17:50:Infinity":10,"f:44:17:44:23":3,"b:45:8:49:Infinity:47:15:49:Infinity":0,"s:45:8:49:Infinity":11,"s:46:12:46:Infinity":12,"f:46:20:46:25":4,"s:46:25:46:30":13,"s:48:12:48:Infinity":14,"b:52:4:52:Infinity:undefined:undefined:undefined:undefined":1,"s:52:4:52:Infinity":15,"s:52:18:52:Infinity":16,"s:54:20:54:Infinity":17,"s:55:17:55:Infinity":18,"s:57:4:116:Infinity":19,"f:87:35:87:36":5,"s:88:28:94:Infinity":20,"f:90:41:90:47":6,"s:90:47:90:Infinity":21,"b:91:99:91:119:91:119:91:Infinity":2,"b:110:55:110:78:110:78:110:Infinity":3}}}
,"/Users/cdagorn/Projets_Python/EssaimDrones/Code/Frontend/src/components/PageHelp.tsx": {"path":"/Users/cdagorn/Projets_Python/EssaimDrones/Code/Frontend/src/components/PageHelp.tsx","statementMap":{"0":{"start":{"line":8,"column":27},"end":{"line":104,"column":null}},"1":{"start":{"line":9,"column":8},"end":{"line":103,"column":null}},"2":{"start":{"line":11,"column":16},"end":{"line":27,"column":null}},"3":{"start":{"line":29,"column":16},"end":{"line":44,"column":null}},"4":{"start":{"line":46,"column":16},"end":{"line":60,"column":null}},"5":{"start":{"line":62,"column":16},"end":{"line":82,"column":null}},"6":{"start":{"line":84,"column":16},"end":{"line":97,"column":null}},"7":{"start":{"line":99,"column":16},"end":{"line":102,"column":null}},"8":{"start":{"line":106,"column":20},"end":{"line":106,"column":null}},"9":{"start":{"line":108,"column":4},"end":{"line":108,"column":null}}},"fnMap":{"0":{"name":"PageHelp","decl":{"start":{"line":7,"column":24},"end":{"line":7,"column":33}},"loc":{"start":{"line":7,"column":58},"end":{"line":109,"column":null}},"line":7},"1":{"name":"(anonymous_1)","decl":{"start":{"line":8,"column":27},"end":{"line":8,"column":33}},"loc":{"start":{"line":8,"column":33},"end":{"line":104,"column":null}},"line":8}},"branchMap":{"0":{"loc":{"start":{"line":9,"column":8},"end":{"line":103,"column":null}},"type":"switch","locations":[{"start":{"line":10,"column":12},"end":{"line":27,"column":null}},{"start":{"line":28,"column":12},"end":{"line":44,"column":null}},{"start":{"line":45,"column":12},"end":{"line":60,"column":null}},{"start":{"line":61,"column":12},"end":{"line":82,"column":null}},{"start":{"line":83,"column":12},"end":{"line":97,"column":null}},{"start":{"line":98,"column":12},"end":{"line":102,"column":null}}],"line":9}},"s":{"0":18,"1":18,"2":18,"3":0,"4":0,"5":0,"6":0,"7":0,"8":18,"9":18},"f":{"0":18,"1":18},"b":{"0":[18,0,0,0,0,0]},"meta":{"lastBranch":1,"lastFunction":2,"lastStatement":10,"seen":{"f:7:24:7:33":0,"s:8:27:104:Infinity":0,"f:8:27:8:33":1,"b:10:12:27:Infinity:28:12:44:Infinity:45:12:60:Infinity:61:12:82:Infinity:83:12:97:Infinity:98:12:102:Infinity":0,"s:9:8:103:Infinity":1,"s:11:16:27:Infinity":2,"s:29:16:44:Infinity":3,"s:46:16:60:Infinity":4,"s:62:16:82:Infinity":5,"s:84:16:97:Infinity":6,"s:99:16:102:Infinity":7,"s:106:20:106:Infinity":8,"s:108:4:108:Infinity":9}}}
,"/Users/cdagorn/Projets_Python/EssaimDrones/Code/Frontend/src/components/PageTransition.tsx": {"path":"/Users/cdagorn/Projets_Python/EssaimDrones/Code/Frontend/src/components/PageTransition.tsx","statementMap":{"0":{"start":{"line":10,"column":10},"end":{"line":10,"column":null}},"1":{"start":{"line":11,"column":24},"end":{"line":11,"column":null}},"2":{"start":{"line":13,"column":4},"end":{"line":21,"column":null}},"3":{"start":{"line":15,"column":23},"end":{"line":15,"column":null}},"4":{"start":{"line":15,"column":40},"end":{"line":15,"column":56}},"5":{"start":{"line":16,"column":23},"end":{"line":16,"column":null}},"6":{"start":{"line":16,"column":40},"end":{"line":16,"column":55}},"7":{"start":{"line":17,"column":8},"end":{"line":20,"column":null}},"8":{"start":{"line":18,"column":12},"end":{"line":18,"column":null}},"9":{"start":{"line":19,"column":12},"end":{"line":19,"column":null}},"10":{"start":{"line":23,"column":4},"end":{"line":30,"column":null}}},"fnMap":{"0":{"name":"PageTransition","decl":{"start":{"line":9,"column":24},"end":{"line":9,"column":39}},"loc":{"start":{"line":9,"column":78},"end":{"line":32,"column":null}},"line":9},"1":{"name":"(anonymous_1)","decl":{"start":{"line":13,"column":14},"end":{"line":13,"column":20}},"loc":{"start":{"line":13,"column":20},"end":{"line":21,"column":7}},"line":13},"2":{"name":"(anonymous_2)","decl":{"start":{"line":15,"column":34},"end":{"line":15,"column":40}},"loc":{"start":{"line":15,"column":40},"end":{"line":15,"column":56}},"line":15},"3":{"name":"(anonymous_3)","decl":{"start":{"line":16,"column":34},"end":{"line":16,"column":40}},"loc":{"start":{"line":16,"column":40},"end":{"line":16,"column":55}},"line":16},"4":{"name":"(anonymous_4)","decl":{"start":{"line":17,"column":15},"end":{"line":17,"column":21}},"loc":{"start":{"line":17,"column":21},"end":{"line":20,"column":null}},"line":17}},"branchMap":{"0":{"loc":{"start":{"line":25,"column":63},"end":{"line":25,"column":null}},"type":"cond-expr","locations":[{"start":{"line":25,"column":70},"end":{"line":25,"column":100}},{"start":{"line":25,"column":100},"end":{"line":25,"column":null}}],"line":25}},"s":{"0":16,"1":16,"2":16,"3":8,"4":5,"5":8,"6":4,"7":8,"8":8,"9":8,"10":16},"f":{"0":16,"1":8,"2":5,"3":4,"4":8},"b":{"0":[6,10]},"meta":{"lastBranch":1,"lastFunction":5,"lastStatement":11,"seen":{"f:9:24:9:39":0,"s:10:10:10:Infinity":0,"s:11:24:11:Infinity":1,"s:13:4:21:Infinity":2,"f:13:14:13:20":1,"s:15:23:15:Infinity":3,"f:15:34:15:40":2,"s:15:40:15:56":4,"s:16:23:16:Infinity":5,"f:16:34:16:40":3,"s:16:40:16:55":6,"s:17:8:20:Infinity":7,"f:17:15:17:21":4,"s:18:12:18:Infinity":8,"s:19:12:19:Infinity":9,"s:23:4:30:Infinity":10,"b:25:70:25:100:25:100:25:Infinity":0}}}
,"/Users/cdagorn/Projets_Python/EssaimDrones/Code/Frontend/src/components/ThemeProvider.tsx": {"path":"/Users/cdagorn/Projets_Python/EssaimDrones/Code/Frontend/src/components/ThemeProvider.tsx","statementMap":{"0":{"start":{"line":19,"column":6},"end":{"line":19,"column":null}},"1":{"start":{"line":27,"column":26},"end":{"line":29,"column":null}},"2":{"start":{"line":28,"column":15},"end":{"line":28,"column":null}},"3":{"start":{"line":31,"column":4},"end":{"line":47,"column":null}},"4":{"start":{"line":32,"column":21},"end":{"line":32,"column":null}},"5":{"start":{"line":34,"column":8},"end":{"line":34,"column":null}},"6":{"start":{"line":36,"column":8},"end":{"line":44,"column":null}},"7":{"start":{"line":37,"column":32},"end":{"line":40,"column":null}},"8":{"start":{"line":42,"column":12},"end":{"line":42,"column":null}},"9":{"start":{"line":43,"column":12},"end":{"line":43,"column":null}},"10":{"start":{"line":46,"column":8},"end":{"line":46,"column":null}},"11":{"start":{"line":49,"column":18},"end":{"line":55,"column":null}},"12":{"start":{"line":52,"column":12},"end":{"line":52,"column":null}},"13":{"start":{"line":53,"column":12},"end":{"line":53,"column":null}},"14":{"start":{"line":57,"column":4},"end":{"line":60,"column":null}},"15":{"start":{"line":64,"column":24},"end":{"line":71,"column":null}},"16":{"start":{"line":65,"column":10},"end":{"line":65,"column":null}},"17":{"start":{"line":67,"column":4},"end":{"line":68,"column":null}},"18":{"start":{"line":68,"column":8},"end":{"line":68,"column":null}},"19":{"start":{"line":70,"column":4},"end":{"line":70,"column":null}}},"fnMap":{"0":{"name":"ThemeProvider","decl":{"start":{"line":21,"column":16},"end":{"line":21,"column":30}},"loc":{"start":{"line":26,"column":23},"end":{"line":62,"column":null}},"line":26},"1":{"name":"(anonymous_1)","decl":{"start":{"line":28,"column":8},"end":{"line":28,"column":15}},"loc":{"start":{"line":28,"column":15},"end":{"line":28,"column":null}},"line":28},"2":{"name":"(anonymous_2)","decl":{"start":{"line":31,"column":14},"end":{"line":31,"column":20}},"loc":{"start":{"line":31,"column":20},"end":{"line":47,"column":7}},"line":31},"3":{"name":"(anonymous_3)","decl":{"start":{"line":51,"column":18},"end":{"line":51,"column":19}},"loc":{"start":{"line":51,"column":36},"end":{"line":54,"column":null}},"line":51},"4":{"name":"(anonymous_4)","decl":{"start":{"line":64,"column":24},"end":{"line":64,"column":30}},"loc":{"start":{"line":64,"column":30},"end":{"line":71,"column":null}},"line":64}},"branchMap":{"0":{"loc":{"start":{"line":23,"column":4},"end":{"line":23,"column":null}},"type":"default-arg","locations":[{"start":{"line":23,"column":19},"end":{"line":23,"column":null}}],"line":23},"1":{"loc":{"start":{"line":24,"column":4},"end":{"line":24,"column":null}},"type":"default-arg","locations":[{"start":{"line":24,"column":17},"end":{"line":24,"column":null}}],"line":24},"2":{"loc":{"start":{"line":28,"column":15},"end":{"line":28,"column":null}},"type":"binary-expr","locations":[{"start":{"line":28,"column":15},"end":{"line":28,"column":61}},{"start":{"line":28,"column":61},"end":{"line":28,"column":null}}],"line":28},"3":{"loc":{"start":{"line":36,"column":8},"end":{"line":44,"column":null}},"type":"if","locations":[{"start":{"line":36,"column":8},"end":{"line":44,"column":null}},{"start":{},"end":{}}],"line":36},"4":{"loc":{"start":{"line":37,"column":32},"end":{"line":40,"column":null}},"type":"cond-expr","locations":[{"start":{"line":39,"column":18},"end":{"line":39,"column":null}},{"start":{"line":40,"column":18},"end":{"line":40,"column":null}}],"line":37},"5":{"loc":{"start":{"line":67,"column":4},"end":{"line":68,"column":null}},"type":"if","locations":[{"start":{"line":67,"column":4},"end":{"line":68,"column":null}},{"start":{},"end":{}}],"line":67}},"s":{"0":1,"1":8,"2":5,"3":8,"4":8,"5":8,"6":8,"7":1,"8":1,"9":1,"10":7,"11":8,"12":3,"13":3,"14":8,"15":1,"16":11,"17":11,"18":2,"19":8},"f":{"0":8,"1":5,"2":8,"3":3,"4":11},"b":{"0":[8],"1":[8],"2":[5,4],"3":[1,7],"4":[1,0],"5":[2,9]},"meta":{"lastBranch":6,"lastFunction":5,"lastStatement":20,"seen":{"s:19:6:19:Infinity":0,"f:21:16:21:30":0,"b:23:19:23:Infinity":0,"b:24:17:24:Infinity":1,"s:27:26:29:Infinity":1,"f:28:8:28:15":1,"s:28:15:28:Infinity":2,"b:28:15:28:61:28:61:28:Infinity":2,"s:31:4:47:Infinity":3,"f:31:14:31:20":2,"s:32:21:32:Infinity":4,"s:34:8:34:Infinity":5,"b:36:8:44:Infinity:undefined:undefined:undefined:undefined":3,"s:36:8:44:Infinity":6,"s:37:32:40:Infinity":7,"b:39:18:39:Infinity:40:18:40:Infinity":4,"s:42:12:42:Infinity":8,"s:43:12:43:Infinity":9,"s:46:8:46:Infinity":10,"s:49:18:55:Infinity":11,"f:51:18:51:19":3,"s:52:12:52:Infinity":12,"s:53:12:53:Infinity":13,"s:57:4:60:Infinity":14,"s:64:24:71:Infinity":15,"f:64:24:64:30":4,"s:65:10:65:Infinity":16,"b:67:4:68:Infinity:undefined:undefined:undefined:undefined":5,"s:67:4:68:Infinity":17,"s:68:8:68:Infinity":18,"s:70:4:70:Infinity":19}}}
,"/Users/cdagorn/Projets_Python/EssaimDrones/Code/Frontend/src/components/ui/ConfirmDialog.tsx": {"path":"/Users/cdagorn/Projets_Python/EssaimDrones/Code/Frontend/src/components/ui/ConfirmDialog.tsx","statementMap":{"0":{"start":{"line":21,"column":14},"end":{"line":21,"column":null}},"1":{"start":{"line":23,"column":4},"end":{"line":23,"column":null}},"2":{"start":{"line":23,"column":15},"end":{"line":23,"column":null}},"3":{"start":{"line":25,"column":26},"end":{"line":29,"column":null}},"4":{"start":{"line":31,"column":4},"end":{"line":62,"column":null}}},"fnMap":{"0":{"name":"ConfirmDialog","decl":{"start":{"line":15,"column":24},"end":{"line":15,"column":38}},"loc":{"start":{"line":20,"column":23},"end":{"line":64,"column":null}},"line":20}},"branchMap":{"0":{"loc":{"start":{"line":18,"column":4},"end":{"line":18,"column":null}},"type":"default-arg","locations":[{"start":{"line":18,"column":14},"end":{"line":18,"column":null}}],"line":18},"1":{"loc":{"start":{"line":23,"column":4},"end":{"line":23,"column":null}},"type":"if","locations":[{"start":{"line":23,"column":4},"end":{"line":23,"column":null}},{"start":{},"end":{}}],"line":23},"2":{"loc":{"start":{"line":36,"column":21},"end":{"line":40,"column":null}},"type":"binary-expr","locations":[{"start":{"line":36,"column":21},"end":{"line":36,"column":null}},{"start":{"line":37,"column":24},"end":{"line":40,"column":null}}],"line":36},"3":{"loc":{"start":{"line":37,"column":97},"end":{"line":37,"column":null}},"type":"cond-expr","locations":[{"start":{"line":37,"column":120},"end":{"line":37,"column":151}},{"start":{"line":37,"column":151},"end":{"line":37,"column":null}}],"line":37},"4":{"loc":{"start":{"line":52,"column":25},"end":{"line":52,"column":null}},"type":"binary-expr","locations":[{"start":{"line":52,"column":25},"end":{"line":52,"column":40}},{"start":{"line":52,"column":40},"end":{"line":52,"column":null}}],"line":52},"5":{"loc":{"start":{"line":58,"column":25},"end":{"line":58,"column":null}},"type":"binary-expr","locations":[{"start":{"line":58,"column":25},"end":{"line":58,"column":41}},{"start":{"line":58,"column":41},"end":{"line":58,"column":null}}],"line":58}},"s":{"0":7,"1":7,"2":1,"3":6,"4":6},"f":{"0":7},"b":{"0":[7],"1":[1,6],"2":[6,2],"3":[1,1],"4":[7,5],"5":[7,5]},"meta":{"lastBranch":6,"lastFunction":1,"lastStatement":5,"seen":{"f:15:24:15:38":0,"b:18:14:18:Infinity":0,"s:21:14:21:Infinity":0,"b:23:4:23:Infinity:undefined:undefined:undefined:undefined":1,"s:23:4:23:Infinity":1,"s:23:15:23:Infinity":2,"s:25:26:29:Infinity":3,"s:31:4:62:Infinity":4,"b:36:21:36:Infinity:37:24:40:Infinity":2,"b:37:120:37:151:37:151:37:Infinity":3,"b:52:25:52:40:52:40:52:Infinity":4,"b:58:25:58:41:58:41:58:Infinity":5}}}
,"/Users/cdagorn/Projets_Python/EssaimDrones/Code/Frontend/src/components/ui/HelpDialog.tsx": {"path":"/Users/cdagorn/Projets_Python/EssaimDrones/Code/Frontend/src/components/ui/HelpDialog.tsx","statementMap":{"0":{"start":{"line":12,"column":24},"end":{"line":12,"column":null}},"1":{"start":{"line":13,"column":14},"end":{"line":13,"column":null}},"2":{"start":{"line":15,"column":4},"end":{"line":48,"column":null}}},"fnMap":{"0":{"name":"HelpDialog","decl":{"start":{"line":11,"column":16},"end":{"line":11,"column":27}},"loc":{"start":{"line":11,"column":68},"end":{"line":50,"column":null}},"line":11}},"branchMap":{},"s":{"0":21,"1":21,"2":21},"f":{"0":21},"b":{},"meta":{"lastBranch":0,"lastFunction":1,"lastStatement":3,"seen":{"f:11:16:11:27":0,"s:12:24:12:Infinity":0,"s:13:14:13:Infinity":1,"s:15:4:48:Infinity":2}}}
,"/Users/cdagorn/Projets_Python/EssaimDrones/Code/Frontend/src/components/ui/Toast.tsx": {"path":"/Users/cdagorn/Projets_Python/EssaimDrones/Code/Frontend/src/components/ui/Toast.tsx","statementMap":{"0":{"start":{"line":31,"column":6},"end":{"line":31,"column":null}},"1":{"start":{"line":34,"column":10},"end":{"line":34,"column":null}},"2":{"start":{"line":35,"column":4},"end":{"line":35,"column":null}},"3":{"start":{"line":35,"column":14},"end":{"line":35,"column":null}},"4":{"start":{"line":36,"column":4},"end":{"line":36,"column":null}},"5":{"start":{"line":41,"column":100},"end":{"line":62,"column":null}},"6":{"start":{"line":67,"column":28},"end":{"line":67,"column":null}},"7":{"start":{"line":69,"column":10},"end":{"line":72,"column":null}},"8":{"start":{"line":70,"column":19},"end":{"line":70,"column":null}},"9":{"start":{"line":71,"column":8},"end":{"line":71,"column":null}},"10":{"start":{"line":71,"column":26},"end":{"line":71,"column":52}},"11":{"start":{"line":74,"column":10},"end":{"line":76,"column":null}},"12":{"start":{"line":75,"column":8},"end":{"line":75,"column":null}},"13":{"start":{"line":75,"column":26},"end":{"line":75,"column":55}},"14":{"start":{"line":75,"column":43},"end":{"line":75,"column":54}},"15":{"start":{"line":78,"column":4},"end":{"line":111,"column":null}},"16":{"start":{"line":84,"column":31},"end":{"line":84,"column":null}},"17":{"start":{"line":85,"column":20},"end":{"line":105,"column":null}},"18":{"start":{"line":89,"column":52},"end":{"line":89,"column":85}},"19":{"start":{"line":89,"column":63},"end":{"line":89,"column":85}}},"fnMap":{"0":{"name":"useToast","decl":{"start":{"line":33,"column":16},"end":{"line":33,"column":46}},"loc":{"start":{"line":33,"column":46},"end":{"line":37,"column":null}},"line":33},"1":{"name":"ToastProvider","decl":{"start":{"line":66,"column":16},"end":{"line":66,"column":30}},"loc":{"start":{"line":66,"column":75},"end":{"line":113,"column":null}},"line":66},"2":{"name":"(anonymous_2)","decl":{"start":{"line":69,"column":30},"end":{"line":69,"column":31}},"loc":{"start":{"line":69,"column":63},"end":{"line":72,"column":7}},"line":69},"3":{"name":"(anonymous_3)","decl":{"start":{"line":71,"column":18},"end":{"line":71,"column":26}},"loc":{"start":{"line":71,"column":26},"end":{"line":71,"column":52}},"line":71},"4":{"name":"(anonymous_4)","decl":{"start":{"line":74,"column":36},"end":{"line":74,"column":37}},"loc":{"start":{"line":74,"column":52},"end":{"line":76,"column":7}},"line":74},"5":{"name":"(anonymous_5)","decl":{"start":{"line":75,"column":18},"end":{"line":75,"column":26}},"loc":{"start":{"line":75,"column":26},"end":{"line":75,"column":55}},"line":75},"6":{"name":"(anonymous_6)","decl":{"start":{"line":75,"column":38},"end":{"line":75,"column":43}},"loc":{"start":{"line":75,"column":43},"end":{"line":75,"column":54}},"line":75},"7":{"name":"(anonymous_7)","decl":{"start":{"line":83,"column":28},"end":{"line":83,"column":36}},"loc":{"start":{"line":83,"column":36},"end":{"line":107,"column":17}},"line":83},"8":{"name":"(anonymous_8)","decl":{"start":{"line":89,"column":42},"end":{"line":89,"column":50}},"loc":{"start":{"line":89,"column":50},"end":{"line":89,"column":null}},"line":89}},"branchMap":{"0":{"loc":{"start":{"line":35,"column":4},"end":{"line":35,"column":null}},"type":"if","locations":[{"start":{"line":35,"column":4},"end":{"line":35,"column":null}},{"start":{},"end":{}}],"line":35},"1":{"loc":{"start":{"line":89,"column":52},"end":{"line":89,"column":85}},"type":"if","locations":[{"start":{"line":89,"column":52},"end":{"line":89,"column":85}},{"start":{},"end":{}}],"line":89},"2":{"loc":{"start":{"line":96,"column":33},"end":{"line":99,"column":null}},"type":"binary-expr","locations":[{"start":{"line":96,"column":33},"end":{"line":96,"column":null}},{"start":{"line":97,"column":36},"end":{"line":99,"column":null}}],"line":96}},"s":{"0":1,"1":16,"2":16,"3":2,"4":13,"5":1,"6":13,"7":13,"8":6,"9":6,"10":6,"11":13,"12":2,"13":2,"14":2,"15":13,"16":7,"17":7,"18":2,"19":2},"f":{"0":16,"1":13,"2":6,"3":6,"4":2,"5":2,"6":2,"7":7,"8":2},"b":{"0":[2,14],"1":[2,0],"2":[7,1]},"meta":{"lastBranch":3,"lastFunction":9,"lastStatement":20,"seen":{"s:31:6:31:Infinity":0,"f:33:16:33:46":0,"s:34:10:34:Infinity":1,"b:35:4:35:Infinity:undefined:undefined:undefined:undefined":0,"s:35:4:35:Infinity":2,"s:35:14:35:Infinity":3,"s:36:4:36:Infinity":4,"s:41:100:62:Infinity":5,"f:66:16:66:30":1,"s:67:28:67:Infinity":6,"s:69:10:72:Infinity":7,"f:69:30:69:31":2,"s:70:19:70:Infinity":8,"s:71:8:71:Infinity":9,"f:71:18:71:26":3,"s:71:26:71:52":10,"s:74:10:76:Infinity":11,"f:74:36:74:37":4,"s:75:8:75:Infinity":12,"f:75:18:75:26":5,"s:75:26:75:55":13,"f:75:38:75:43":6,"s:75:43:75:54":14,"s:78:4:111:Infinity":15,"f:83:28:83:36":7,"s:84:31:84:Infinity":16,"s:85:20:105:Infinity":17,"f:89:42:89:50":8,"b:89:52:89:85:undefined:undefined:undefined:undefined":1,"s:89:52:89:85":18,"s:89:63:89:85":19,"b:96:33:96:Infinity:97:36:99:Infinity":2}}}
[...]
e":43,"column":12},"end":{"line":43,"column":null}},"28":{"start":{"line":45,"column":8},"end":{"line":45,"column":null}},"29":{"start":{"line":46,"column":8},"end":{"line":46,"column":null}},"30":{"start":{"line":46,"column":43},"end":{"line":46,"column":null}},"31":{"start":{"line":49,"column":4},"end":{"line":49,"column":null}},"32":{"start":{"line":49,"column":32},"end":{"line":49,"column":null}},"33":{"start":{"line":51,"column":4},"end":{"line":55,"column":null}},"34":{"start":{"line":61,"column":42},"end":{"line":61,"column":null}},"35":{"start":{"line":63,"column":4},"end":{"line":80,"column":null}},"36":{"start":{"line":86,"column":10},"end":{"line":90,"column":null}},"37":{"start":{"line":87,"column":21},"end":{"line":87,"column":null}},"38":{"start":{"line":88,"column":8},"end":{"line":88,"column":null}},"39":{"start":{"line":89,"column":8},"end":{"line":89,"column":null}},"40":{"start":{"line":91,"column":4},"end":{"line":91,"column":null}},"41":{"start":{"line":96,"column":4},"end":{"line":117,"column":null}},"42":{"start":{"line":106,"column":16},"end":{"line":106,"column":null}},"43":{"start":{"line":109,"column":16},"end":{"line":109,"column":null}},"44":{"start":{"line":112,"column":16},"end":{"line":112,"column":null}},"45":{"start":{"line":123,"column":24},"end":{"line":134,"column":null}},"46":{"start":{"line":124,"column":8},"end":{"line":124,"column":null}},"47":{"start":{"line":124,"column":28},"end":{"line":124,"column":null}},"48":{"start":{"line":125,"column":21},"end":{"line":125,"column":null}},"49":{"start":{"line":126,"column":14},"end":{"line":126,"column":null}},"50":{"start":{"line":127,"column":14},"end":{"line":127,"column":null}},"51":{"start":{"line":128,"column":8},"end":{"line":132,"column":null}},"52":{"start":{"line":133,"column":8},"end":{"line":133,"column":null}},"53":{"start":{"line":135,"column":4},"end":{"line":170,"column":null}},"54":{"start":{"line":149,"column":20},"end":{"line":149,"column":null}},"55":{"start":{"line":154,"column":20},"end":{"line":157,"column":null}},"56":{"start":{"line":162,"column":20},"end":{"line":162,"column":null}},"57":{"start":{"line":167,"column":20},"end":{"line":167,"column":null}},"58":{"start":{"line":176,"column":14},"end":{"line":176,"column":null}},"59":{"start":{"line":177,"column":30},"end":{"line":177,"column":null}},"60":{"start":{"line":178,"column":42},"end":{"line":178,"column":null}},"61":{"start":{"line":179,"column":32},"end":{"line":179,"column":null}},"62":{"start":{"line":180,"column":40},"end":{"line":180,"column":null}},"63":{"start":{"line":181,"column":36},"end":{"line":181,"column":null}},"64":{"start":{"line":182,"column":10},"end":{"line":182,"column":null}},"65":{"start":{"line":184,"column":10},"end":{"line":190,"column":null}},"66":{"start":{"line":185,"column":8},"end":{"line":189,"column":null}},"67":{"start":{"line":186,"column":12},"end":{"line":186,"column":null}},"68":{"start":{"line":187,"column":12},"end":{"line":187,"column":null}},"69":{"start":{"line":188,"column":12},"end":{"line":188,"column":null}},"70":{"start":{"line":192,"column":4},"end":{"line":198,"column":null}},"71":{"start":{"line":193,"column":8},"end":{"line":196,"column":null}},"72":{"start":{"line":200,"column":4},"end":{"line":353,"column":null}},"73":{"start":{"line":225,"column":40},"end":{"line":225,"column":null}},"74":{"start":{"line":230,"column":35},"end":{"line":230,"column":null}},"75":{"start":{"line":262,"column":49},"end":{"line":262,"column":null}},"76":{"start":{"line":281,"column":32},"end":{"line":290,"column":null}},"77":{"start":{"line":283,"column":51},"end":{"line":283,"column":null}},"78":{"start":{"line":301,"column":36},"end":{"line":305,"column":null}},"79":{"start":{"line":324,"column":51},"end":{"line":324,"column":null}},"80":{"start":{"line":339,"column":51},"end":{"line":339,"column":null}},"81":{"start":{"line":341,"column":51},"end":{"line":341,"column":null}}},"fnMap":{"0":{"name":"OrbitControlsComponent","decl":{"start":{"line":11,"column":9},"end":{"line":11,"column":32}},"loc":{"start":{"line":11,"column":117},"end":{"line":29,"column":null}},"line":11},"1":{"name":"(anonymous_1)","decl":{"start":{"line":14,"column":14},"end":{"line":14,"column":20}},"loc":{"start":{"line":14,"column":20},"end":{"line":25,"column":7}},"line":14},"2":{"name":"(anonymous_2)","decl":{"start":{"line":24,"column":15},"end":{"line":24,"column":21}},"loc":{"start":{"line":24,"column":21},"end":{"line":24,"column":null}},"line":24},"3":{"name":"(anonymous_3)","decl":{"start":{"line":27,"column":13},"end":{"line":27,"column":19}},"loc":{"start":{"line":27,"column":19},"end":{"line":27,"column":53}},"line":27},"4":{"name":"DroneSwarm","decl":{"start":{"line":32,"column":9},"end":{"line":32,"column":20}},"loc":{"start":{"line":32,"column":67},"end":{"line":57,"column":null}},"line":32},"5":{"name":"(anonymous_5)","decl":{"start":{"line":34,"column":26},"end":{"line":34,"column":32}},"loc":{"start":{"line":34,"column":32},"end":{"line":34,"column":54}},"line":34},"6":{"name":"(anonymous_6)","decl":{"start":{"line":35,"column":26},"end":{"line":35,"column":32}},"loc":{"start":{"line":35,"column":32},"end":{"line":35,"column":60}},"line":35},"7":{"name":"(anonymous_7)","decl":{"start":{"line":37,"column":13},"end":{"line":37,"column":19}},"loc":{"start":{"line":37,"column":19},"end":{"line":47,"column":5}},"line":37},"8":{"name":"(anonymous_8)","decl":{"start":{"line":39,"column":26},"end":{"line":39,"column":27}},"loc":{"start":{"line":39,"column":36},"end":{"line":44,"column":9}},"line":39},"9":{"name":"Marker","decl":{"start":{"line":60,"column":9},"end":{"line":60,"column":16}},"loc":{"start":{"line":60,"column":124},"end":{"line":82,"column":null}},"line":60},"10":{"name":"OceanFloorGrid","decl":{"start":{"line":85,"column":9},"end":{"line":85,"column":26}},"loc":{"start":{"line":85,"column":26},"end":{"line":92,"column":null}},"line":85},"11":{"name":"(anonymous_11)","decl":{"start":{"line":86,"column":31},"end":{"line":86,"column":37}},"loc":{"start":{"line":86,"column":37},"end":{"line":90,"column":7}},"line":86},"12":{"name":"Scene","decl":{"start":{"line":95,"column":9},"end":{"line":95,"column":15}},"loc":{"start":{"line":95,"column":128},"end":{"line":119,"column":null}},"line":95},"13":{"name":"(anonymous_13)","decl":{"start":{"line":105,"column":31},"end":{"line":105,"column":32}},"loc":{"start":{"line":106,"column":16},"end":{"line":106,"column":null}},"line":106},"14":{"name":"(anonymous_14)","decl":{"start":{"line":108,"column":31},"end":{"line":108,"column":32}},"loc":{"start":{"line":109,"column":16},"end":{"line":109,"column":null}},"line":109},"15":{"name":"(anonymous_15)","decl":{"start":{"line":111,"column":33},"end":{"line":111,"column":34}},"loc":{"start":{"line":112,"column":16},"end":{"line":112,"column":null}},"line":112},"16":{"name":"TopDownView","decl":{"start":{"line":122,"column":9},"end":{"line":122,"column":21}},"loc":{"start":{"line":122,"column":240},"end":{"line":172,"column":null}},"line":122},"17":{"name":"(anonymous_17)","decl":{"start":{"line":123,"column":24},"end":{"line":123,"column":25}},"loc":{"start":{"line":123,"column":64},"end":{"line":134,"column":null}},"line":123},"18":{"name":"(anonymous_18)","decl":{"start":{"line":148,"column":33},"end":{"line":148,"column":34}},"loc":{"start":{"line":149,"column":20},"end":{"line":149,"column":null}},"line":149},"19":{"name":"(anonymous_19)","decl":{"start":{"line":153,"column":35},"end":{"line":153,"column":36}},"loc":{"start":{"line":154,"column":20},"end":{"line":157,"column":null}},"line":154},"20":{"name":"(anonymous_20)","decl":{"start":{"line":161,"column":35},"end":{"line":161,"column":36}},"loc":{"start":{"line":162,"column":20},"end":{"line":162,"column":null}},"line":162},"21":{"name":"(anonymous_21)","decl":{"start":{"line":166,"column":37},"end":{"line":166,"column":38}},"loc":{"start":{"line":167,"column":20},"end":{"line":167,"column":null}},"line":167},"22":{"name":"TacticalViewport","decl":{"start":{"line":175,"column":24},"end":{"line":175,"column":43}},"loc":{"start":{"line":175,"column":43},"end":{"line":355,"column":null}},"line":175},"23":{"name":"(anonymous_23)","decl":{"start":{"line":184,"column":42},"end":{"line":184,"column":48}},"loc":{"start":{"line":184,"column":48},"end":{"line":190,"column":7}},"line":184},"24":{"name":"(anonymous_24)","decl":{"start":{"line":225,"column":34},"end":{"line":225,"column":40}},"loc":{"start":{"line":225,"column":40},"end":{"line":225,"column":null}},"line":225},"25":{"name":"(anonymous_25)","decl":{"start":{"line":230,"column":29},"end":{"line":230,"column":35}},"loc":{"start":{"line":230,"column":35},"end":{"line":230,"column":null}},"line":230},"26":{"name":"(anonymous_26)","decl":{"start":{"line":262,"column":42},"end":{"line":262,"column":43}},"loc":{"start":{"line":262,"column":49},"end":{"line":262,"column":null}},"line":262},"27":{"name":"(anonymous_27)","decl":{"start":{"line":280,"column":35},"end":{"line":280,"column":null}},"loc":{"start":{"line":281,"column":32},"end":{"line":290,"column":null}},"line":281},"28":{"name":"(anonymous_28)","decl":{"start":{"line":283,"column":45},"end":{"line":283,"column":51}},"loc":{"start":{"line":283,"column":51},"end":{"line":283,"column":null}},"line":283},"29":{"name":"(anonymous_29)","decl":{"start":{"line":300,"column":53},"end":{"line":300,"column":54}},"loc":{"start":{"line":301,"column":36},"end":{"line":305,"column":null}},"line":301},"30":{"name":"(anonymous_30)","decl":{"start":{"line":324,"column":46},"end":{"line":324,"column":51}},"loc":{"start":{"line":324,"column":51},"end":{"line":324,"column":null}},"line":324},"31":{"name":"(anonymous_31)","decl":{"start":{"line":339,"column":45},"end":{"line":339,"column":51}},"loc":{"start":{"line":339,"column":51},"end":{"line":339,"column":null}},"line":339},"32":{"name":"(anonymous_32)","decl":{"start":{"line":341,"column":45},"end":{"line":341,"column":51}},"loc":{"start":{"line":341,"column":51},"end":{"line":341,"column":null}},"line":341}},"branchMap":{"0":{"loc":{"start":{"line":38,"column":8},"end":{"line":38,"column":null}},"type":"if","locations":[{"start":{"line":38,"column":8},"end":{"line":38,"column":null}},{"start":{},"end":{}}],"line":38},"1":{"loc":{"start":{"line":38,"column":12},"end":{"line":38,"column":56}},"type":"binary-expr","locations":[{"start":{"line":38,"column":12},"end":{"line":38,"column":32}},{"start":{"line":38,"column":32},"end":{"line":38,"column":56}}],"line":38},"2":{"loc":{"start":{"line":40,"column":37},"end":{"line":40,"column":49}},"type":"binary-expr","locations":[{"start":{"line":40,"column":37},"end":{"line":40,"column":45}},{"start":{"line":40,"column":45},"end":{"line":40,"column":49}}],"line":40},"3":{"loc":{"start":{"line":46,"column":8},"end":{"line":46,"column":null}},"type":"if","locations":[{"start":{"line":46,"column":8},"end":{"line":46,"column":null}},{"start":{},"end":{}}],"line":46},"4":{"loc":{"start":{"line":49,"column":4},"end":{"line":49,"column":null}},"type":"if","locations":[{"start":{"line":49,"column":4},"end":{"line":49,"column":null}},{"start":{},"end":{}}],"line":49},"5":{"loc":{"start":{"line":61,"column":56},"end":{"line":61,"column":75}},"type":"binary-expr","locations":[{"start":{"line":61,"column":56},"end":{"line":61,"column":71}},{"start":{"line":61,"column":71},"end":{"line":61,"column":75}}],"line":61},"6":{"loc":{"start":{"line":73,"column":17},"end":{"line":76,"column":null}},"type":"cond-expr","locations":[{"start":{"line":74,"column":20},"end":{"line":74,"column":null}},{"start":{"line":76,"column":20},"end":{"line":76,"column":null}}],"line":73},"7":{"loc":{"start":{"line":124,"column":8},"end":{"line":124,"column":null}},"type":"if","locations":[{"start":{"line":124,"column":8},"end":{"line":124,"column":null}},{"start":{},"end":{}}],"line":124},"8":{"loc":{"start":{"line":141,"column":81},"end":{"line":141,"column":134}},"type":"cond-expr","locations":[{"start":{"line":141,"column":97},"end":{"line":141,"column":118}},{"start":{"line":141,"column":118},"end":{"line":141,"column":134}}],"line":141},"9":{"loc":{"start":{"line":185,"column":8},"end":{"line":189,"column":null}},"type":"if","locations":[{"start":{"line":185,"column":8},"end":{"line":189,"column":null}},{"start":{},"end":{}}],"line":185},"10":{"loc":{"start":{"line":192,"column":4},"end":{"line":198,"column":null}},"type":"if","locations":[{"start":{"line":192,"column":4},"end":{"line":198,"column":null}},{"start":{},"end":{}}],"line":192},"11":{"loc":{"start":{"line":203,"column":60},"end":{"line":203,"column":100}},"type":"cond-expr","locations":[{"start":{"line":203,"column":75},"end":{"line":203,"column":98}},{"start":{"line":203,"column":98},"end":{"line":203,"column":100}}],"line":203},"12":{"loc":{"start":{"line":204,"column":17},"end":{"line":226,"column":null}},"type":"cond-expr","locations":[{"start":{"line":205,"column":20},"end":{"line":218,"column":null}},{"start":{"line":220,"column":20},"end":{"line":226,"column":null}}],"line":204},"13":{"loc":{"start":{"line":238,"column":76},"end":{"line":238,"column":101}},"type":"binary-expr","locations":[{"start":{"line":238,"column":76},"end":{"line":238,"column":99}},{"start":{"line":238,"column":99},"end":{"line":238,"column":101}}],"line":238},"14":{"loc":{"start":{"line":245,"column":13},"end":{"line":351,"column":null}},"type":"binary-expr","locations":[{"start":{"line":245,"column":13},"end":{"line":245,"column":null}},{"start":{"line":246,"column":16},"end":{"line":351,"column":null}}],"line":245},"15":{"loc":{"start":{"line":283,"column":68},"end":{"line":283,"column":110}},"type":"cond-expr","locations":[{"start":{"line":283,"column":96},"end":{"line":283,"column":103}},{"start":{"line":283,"column":103},"end":{"line":283,"column":110}}],"line":283},"16":{"loc":{"start":{"line":284,"column":110},"end":{"line":286,"column":null}},"type":"cond-expr","locations":[{"start":{"line":285,"column":42},"end":{"line":285,"column":null}},{"start":{"line":286,"column":42},"end":{"line":286,"column":null}}],"line":284},"17":{"loc":{"start":{"line":293,"column":25},"end":{"line":293,"column":null}},"type":"binary-expr","locations":[{"start":{"line":293,"column":25},"end":{"line":293,"column":42}},{"start":{"line":293,"column":42},"end":{"line":293,"column":null}}],"line":293},"18":{"loc":{"start":{"line":303,"column":75},"end":{"line":303,"column":null}},"type":"binary-expr","locations":[{"start":{"line":303,"column":75},"end":{"line":303,"column":113}},{"start":{"line":303,"column":113},"end":{"line":303,"column":null}}],"line":303},"19":{"loc":{"start":{"line":340,"column":80},"end":{"line":340,"column":174}},"type":"cond-expr","locations":[{"start":{"line":340,"column":100},"end":{"line":340,"column":127}},{"start":{"line":340,"column":127},"end":{"line":340,"column":174}}],"line":340},"20":{"loc":{"start":{"line":342,"column":80},"end":{"line":342,"column":174}},"type":"cond-expr","locations":[{"start":{"line":342,"column":100},"end":{"line":342,"column":127}},{"start":{"line":342,"column":127},"end":{"line":342,"column":174}}],"line":342}},"s":{"0":6,"1":6,"2":6,"3":6,"4":6,"5":6,"6":6,"7":6,"8":6,"9":6,"10":6,"11":6,"12":6,"13":6,"14":6,"15":6,"16":6,"17":4,"18":6,"19":4,"20":6,"21":6,"22":0,"23":6,"24":12,"25":12,"26":12,"27":12,"28":6,"29":6,"30":6,"31":6,"32":0,"33":6,"34":18,"35":18,"36":6,"37":4,"38":4,"39":4,"40":6,"41":6,"42":9,"43":9,"44":0,"45":8,"46":2,"47":1,"48":1,"49":1,"50":1,"51":1,"52":1,"53":8,"54":16,"55":8,"56":8,"57":0,"58":15,"59":15,"60":15,"61":15,"62":15,"63":15,"64":15,"65":15,"66":1,"67":1,"68":1,"69":1,"70":15,"71":1,"72":14,"73":1,"74":2,"75":0,"76":39,"77":4,"78":39,"79":1,"80":1,"81":2},"f":{"0":6,"1":6,"2":6,"3":6,"4":6,"5":4,"6":4,"7":6,"8":12,"9":18,"10":6,"11":4,"12":6,"13":9,"14":9,"15":0,"16":8,"17":2,"18":16,"19":8,"20":8,"21":0,"22":15,"23":1,"24":1,"25":2,"26":0,"27":39,"28":4,"29":39,"30":1,"31":1,"32":2},"b":{"0":[0,6],"1":[6,6],"2":[12,8],"3":[6,0],"4":[0,6],"5":[18,16],"6":[9,9],"7":[1,1],"8":[3,5],"9":[1,0],"10":[1,14],"11":[1,13],"12":[6,8],"13":[15,6],"14":[15,13],"15":[1,3],"16":[5,34],"17":[13,5],"18":[39,22],"19":[5,8],"20":[8,5]},"meta":{"lastBranch":21,"lastFunction":33,"lastStatement":82,"seen":{"f:11:9:11:32":0,"s:12:23:12:Infinity":0,"s:14:4:25:Infinity":1,"f:14:14:14:20":1,"s:15:25:15:Infinity":2,"s:16:8:16:Infinity":3,"s:17:8:17:Infinity":4,"s:18:8:18:Infinity":5,"s:19:8:19:Infinity":6,"s:20:8:20:Infinity":7,"s:21:8:21:Infinity":8,"s:22:8:22:Infinity":9,"s:24:8:24:Infinity":10,"f:24:15:24:21":2,"s:24:23:24:43":11,"s:27:4:27:Infinity":12,"f:27:13:27:19":3,"s:27:21:27:52":13,"s:28:4:28:Infinity":14,"f:32:9:32:20":4,"s:33:10:33:Infinity":15,"s:34:10:34:Infinity":16,"f:34:26:34:32":5,"s:34:32:34:54":17,"s:35:10:35:Infinity":18,"f:35:26:35:32":6,"s:35:32:35:60":19,"s:37:4:47:Infinity":20,"f:37:13:37:19":7,"b:38:8:38:Infinity:undefined:undefined:undefined:undefined":0,"s:38:8:38:Infinity":21,"b:38:12:38:32:38:32:38:56":1,"s:38:56:38:Infinity":22,"s:39:8:44:Infinity":23,"f:39:26:39:27":8,"s:40:12:40:Infinity":24,"b:40:37:40:45:40:45:40:49":2,"s:41:12:41:Infinity":25,"s:42:12:42:Infinity":26,"s:43:12:43:Infinity":27,"s:45:8:45:Infinity":28,"b:46:8:46:Infinity:undefined:undefined:undefined:undefined":3,"s:46:8:46:Infinity":29,"s:46:43:46:Infinity":30,"b:49:4:49:Infinity:undefined:undefined:undefined:undefined":4,"s:49:4:49:Infinity":31,"s:49:32:49:Infinity":32,"s:51:4:55:Infinity":33,"f:60:9:60:16":9,"s:61:42:61:Infinity":34,"b:61:56:61:71:61:71:61:75":5,"s:63:4:80:Infinity":35,"b:74:20:74:Infinity:76:20:76:Infinity":6,"f:85:9:85:26":10,"s:86:10:90:Infinity":36,"f:86:31:86:37":11,"s:87:21:87:Infinity":37,"s:88:8:88:Infinity":38,"s:89:8:89:Infinity":39,"s:91:4:91:Infinity":40,"f:95:9:95:15":12,"s:96:4:117:Infinity":41,"f:105:31:105:32":13,"s:106:16:106:Infinity":42,"f:108:31:108:32":14,"s:109:16:109:Infinity":43,"f:111:33:111:34":15,"s:112:16:112:Infinity":44,"f:122:9:122:21":16,"s:123:24:134:Infinity":45,"f:123:24:123:25":17,"b:124:8:124:Infinity:undefined:undefined:undefined:undefined":7,"s:124:8:124:Infinity":46,"s:124:28:124:Infinity":47,"s:125:21:125:Infinity":48,"s:126:14:126:Infinity":49,"s:127:14:127:Infinity":50,"s:128:8:132:Infinity":51,"s:133:8:133:Infinity":52,"s:135:4:170:Infinity":53,"b:141:97:141:118:141:118:141:134":8,"f:148:33:148:34":18,"s:149:20:149:Infinity":54,"f:153:35:153:36":19,"s:154:20:157:Infinity":55,"f:161:35:161:36":20,"s:162:20:162:Infinity":56,"f:166:37:166:38":21,"s:167:20:167:Infinity":57,"f:175:24:175:43":22,"s:176:14:176:Infinity":58,"s:177:30:177:Infinity":59,"s:178:42:178:Infinity":60,"s:179:32:179:Infinity":61,"s:180:40:180:Infinity":62,"s:181:36:181:Infinity":63,"s:182:10:182:Infinity":64,"s:184:10:190:Infinity":65,"f:184:42:184:48":23,"b:185:8:189:Infinity:undefined:undefined:undefined:undefined":9,"s:185:8:189:Infinity":66,"s:186:12:186:Infinity":67,"s:187:12:187:Infinity":68,"s:188:12:188:Infinity":69,"b:192:4:198:Infinity:undefined:undefined:undefined:undefined":10,"s:192:4:198:Infinity":70,"s:193:8:196:Infinity":71,"s:200:4:353:Infinity":72,"b:203:75:203:98:203:98:203:100":11,"b:205:20:218:Infinity:220:20:226:Infinity":12,"f:225:34:225:40":24,"s:225:40:225:Infinity":73,"f:230:29:230:35":25,"s:230:35:230:Infinity":74,"b:238:76:238:99:238:99:238:101":13,"b:245:13:245:Infinity:246:16:351:Infinity":14,"f:262:42:262:43":26,"s:262:49:262:Infinity":75,"f:280:35:280:Infinity":27,"s:281:32:290:Infinity":76,"f:283:45:283:51":28,"s:283:51:283:Infinity":77,"b:283:96:283:103:283:103:283:110":15,"b:285:42:285:Infinity:286:42:286:Infinity":16,"b:293:25:293:42:293:42:293:Infinity":17,"f:300:53:300:54":29,"s:301:36:305:Infinity":78,"b:303:75:303:113:303:113:303:Infinity":18,"f:324:46:324:51":30,"s:324:51:324:Infinity":79,"f:339:45:339:51":31,"s:339:51:339:Infinity":80,"b:340:100:340:127:340:127:340:174":19,"f:341:45:341:51":32,"s:341:51:341:Infinity":81,"b:342:100:342:127:342:127:342:174":20}}}
}
